[35m[Appium][39m Welcome to Appium v1.22.3
[35m[Appium][39m Non-default server args:
[35m[Appium][39m   port: 64329
[35m[Appium][39m   loglevel: info
[35m[Appium][39m   tmpDir: C:\Users\JOINDO~1\AppData\Local\Temp\\Katalon\Appium\Temp1687098998498
[35m[Appium][39m   chromedriverPort: 64330
[35m[Appium][39m Deprecated server args:
[35m[Appium][39m   [31m--chromedriver-port[39m => --default-capabilities
[35m[Appium][39m Default capabilities, which will be added to each request unless overridden by desired capabilities:
[35m[Appium][39m   chromedriverPort: 64330
[35m[Appium][39m Appium REST http interface listener started on 0.0.0.0:64329
[35m[HTTP][39m [37m-->[39m [37mGET[39m [37m/wd/hub/status[39m
[35m[HTTP][39m [90m{}[39m
[35m[HTTP][39m [37m<-- GET /wd/hub/status [39m[32m200[39m [90m7 ms - 68[39m
[35m[HTTP][39m [90m[39m
[35m[HTTP][39m [37m-->[39m [37mGET[39m [37m/wd/hub/status[39m
[35m[HTTP][39m [90m{}[39m
[35m[HTTP][39m [37m<-- GET /wd/hub/status [39m[32m200[39m [90m1 ms - 68[39m
[35m[HTTP][39m [90m[39m
[35m[HTTP][39m [37m-->[39m [37mPOST[39m [37m/wd/hub/session[39m
[35m[HTTP][39m [90m{"desiredCapabilities":{"app":"C:\\Users\\joindomain\\Katalon_Studio\\EduApp\\mobileapp\\HappyDayShopping_1.2.apk","noReset":true,"deviceId":"4961274a","deviceName":"realme RMX2030 (Android 10)","fullReset":false,"platform":"ANDROID","newCommandTimeout":1800,"platformVersion":"10","automationName":"uiautomator2","autoGrantPermissions":true,"platformName":"Android","udid":"4961274a","systemPort":64337},"capabilities":{"firstMatch":[{"appium:app":"C:\\Users\\joindomain\\Katalon_Studio\\EduApp\\mobileapp\\HappyDayShopping_1.2.apk","appium:autoGrantPermissions":true,"appium:automationName":"uiautomator2","deviceId":"4961274a","appium:deviceName":"realme RMX2030 (Android 10)","appium:fullReset":false,"appium:newCommandTimeout":1800,"appium:noReset":true,"platform":"ANDROID","platformName":"android","appium:platformVersion":"10","appium:systemPort":64337,"appium:udid":"4961274a"}]}}[39m
[35m[BaseDriver][39m The following capabilities are not standard capabilities and should have an extension prefix:
[35m[BaseDriver][39m   deviceId
[35m[BaseDriver][39m   platform
[35m[BaseDriver][39m   chromedriverPort
[35m[Appium][39m Appium v1.22.3 creating new AndroidUiautomator2Driver (v1.70.1) session
[35m[BaseDriver][39m The following capabilities were provided, but are not recognized by Appium:
[35m[BaseDriver][39m   deviceId
[35m[BaseDriver][39m   platform
[35m[BaseDriver][39m Session created with session id: a7943535-fd47-4506-b745-990fd7c2eef8
[35m[BaseDriver][39m Using local app 'C:\Users\joindomain\Katalon_Studio\EduApp\mobileapp\HappyDayShopping_1.2.apk'
[35m[ADB][39m Found 1 'build-tools' folders under 'C:\Users\joindomain\.katalon\tools\android_sdk' (newest first):
[35m[ADB][39m     C:/Users/joindomain/.katalon/tools/android_sdk/build-tools/29.0.3
[35m[ADB][39m Using 'adb.exe' from 'C:\Users\joindomain\.katalon\tools\android_sdk\platform-tools\adb.exe'
[35m[AndroidDriver][39m Retrieving device list
[35m[AndroidDriver][39m Using device: 4961274a
[35m[ADB][39m Using 'adb.exe' from 'C:\Users\joindomain\.katalon\tools\android_sdk\platform-tools\adb.exe'
[35m[ADB][39m Getting device platform version
[35m[UiAutomator2][39m Relaxing hidden api policy
[35m[ADB][39m Package name: 'com.ecwid.ShopAt.HappyDayShopping'
[35m[ADB][39m Main activity name: 'com.pb.MainActivity'
[35m[ADB][39m Using 'apksigner.jar' from 'C:\Users\joindomain\.katalon\tools\android_sdk\build-tools\29.0.3\lib\apksigner.jar'
[35m[ADB][39m 'C:\Users\joindomain\AppData\Roaming\npm\node_modules\appium\node_modules\appium-uiautomator2-server\apks\appium-uiautomator2-server-v4.27.0.apk' is signed with the default certificate
[35m[ADB][39m 'C:\Users\joindomain\AppData\Roaming\npm\node_modules\appium\node_modules\appium-uiautomator2-server\apks\appium-uiautomator2-server-debug-androidTest.apk' is signed with the default certificate
[35m[UiAutomator2][39m Server packages are not going to be (re)installed
[35m[ADB][39m Adding packages ["io.appium.settings","io.appium.uiautomator2.server","io.appium.uiautomator2.server.test"] to Doze whitelist
[35m[ADB][39m 'C:\Users\joindomain\Katalon_Studio\EduApp\mobileapp\HappyDayShopping_1.2.apk' is signed with a non-default certificate
[35m[ADB][39m The application at 'C:\Users\joindomain\Katalon_Studio\EduApp\mobileapp\HappyDayShopping_1.2.apk' will not be cached, because the device under test has confirmed the support of streamed installs
[35m[ADB][39m The installation of 'HappyDayShopping_1.2.apk' took 6000ms
[35m[UiAutomator2][39m Starting UIAutomator2 server 4.27.0
[35m[UiAutomator2][39m Using UIAutomator2 server from 'C:\Users\joindomain\AppData\Roaming\npm\node_modules\appium\node_modules\appium-uiautomator2-server\apks\appium-uiautomator2-server-v4.27.0.apk' and test from 'C:\Users\joindomain\AppData\Roaming\npm\node_modules\appium\node_modules\appium-uiautomator2-server\apks\appium-uiautomator2-server-debug-androidTest.apk'
[35m[UiAutomator2][39m Waiting up to 30000ms for UiAutomator2 to be online...
[35m[WD Proxy][39m socket hang up
[35m[WD Proxy][39m socket hang up
[35m[WD Proxy][39m socket hang up
[35m[WD Proxy][39m socket hang up
[35m[WD Proxy][39m socket hang up
[35m[WD Proxy][39m socket hang up
[35m[WD Proxy][39m Determined the downstream protocol as 'W3C'
[35m[AndroidDriver][39m Screen already unlocked, doing nothing
[35m[UiAutomator2][39m Starting 'com.ecwid.ShopAt.HappyDayShopping/com.pb.MainActivity and waiting for 'com.ecwid.ShopAt.HappyDayShopping/com.pb.MainActivity'
[35m[Appium][39m New AndroidUiautomator2Driver session created successfully, session a7943535-fd47-4506-b745-990fd7c2eef8 added to master session list
[35m[HTTP][39m [37m<-- POST /wd/hub/session [39m[32m200[39m [90m24173 ms - 1357[39m
[35m[HTTP][39m [90m[39m
[35m[HTTP][39m [37m-->[39m [37mGET[39m [37m/wd/hub/session/a7943535-fd47-4506-b745-990fd7c2eef8[39m
[35m[HTTP][39m [90m{}[39m
[35m[HTTP][39m [37m<-- GET /wd/hub/session/a7943535-fd47-4506-b745-990fd7c2eef8 [39m[32m200[39m [90m33 ms - 1311[39m
[35m[HTTP][39m [90m[39m
[35m[HTTP][39m [37m-->[39m [37mGET[39m [37m/wd/hub/session/a7943535-fd47-4506-b745-990fd7c2eef8[39m
[35m[HTTP][39m [90m{}[39m
[35m[HTTP][39m [37m<-- GET /wd/hub/session/a7943535-fd47-4506-b745-990fd7c2eef8 [39m[32m200[39m [90m21 ms - 1311[39m
[35m[HTTP][39m [90m[39m
[35m[HTTP][39m [37m-->[39m [37mGET[39m [37m/wd/hub/status[39m
[35m[HTTP][39m [90m{}[39m
[35m[HTTP][39m [37m<-- GET /wd/hub/status [39m[32m200[39m [90m3 ms - 68[39m
[35m[HTTP][39m [90m[39m
[35m[HTTP][39m [37m-->[39m [37mPOST[39m [37m/wd/hub/session/a7943535-fd47-4506-b745-990fd7c2eef8/timeouts[39m
[35m[HTTP][39m [90m{"implicit":60000}[39m
[35m[HTTP][39m [37m<-- POST /wd/hub/session/a7943535-fd47-4506-b745-990fd7c2eef8/timeouts [39m[32m200[39m [90m10 ms - 14[39m
[35m[HTTP][39m [90m[39m
[35m[HTTP][39m [37m-->[39m [37mGET[39m [37m/wd/hub/session/a7943535-fd47-4506-b745-990fd7c2eef8/source[39m
[35m[HTTP][39m [90m{}[39m
[35m[W3C (a7943535)][39m Driver proxy active, passing request on via HTTP proxy
[35m[WD Proxy][39m Replacing sessionId fb42896c-085d-4018-b462-973ff1d923a1 with a7943535-fd47-4506-b745-990fd7c2eef8
[35m[HTTP][39m [37m<-- GET /wd/hub/session/a7943535-fd47-4506-b745-990fd7c2eef8/source [39m[32m200[39m [90m72 ms - 1916[39m
[35m[HTTP][39m [90m[39m
[35m[HTTP][39m [37m-->[39m [37mGET[39m [37m/wd/hub/session/a7943535-fd47-4506-b745-990fd7c2eef8/screenshot[39m
[35m[HTTP][39m [90m{}[39m
[35m[HTTP][39m [37m<-- GET /wd/hub/session/a7943535-fd47-4506-b745-990fd7c2eef8/screenshot [39m[32m200[39m [90m887 ms - 140812[39m
[35m[HTTP][39m [90m[39m
[35m[HTTP][39m [37m-->[39m [37mGET[39m [37m/wd/hub/session/a7943535-fd47-4506-b745-990fd7c2eef8/source[39m
[35m[HTTP][39m [90m{}[39m
[35m[W3C (a7943535)][39m Driver proxy active, passing request on via HTTP proxy
[35m[WD Proxy][39m Replacing sessionId fb42896c-085d-4018-b462-973ff1d923a1 with a7943535-fd47-4506-b745-990fd7c2eef8
[35m[HTTP][39m [37m<-- GET /wd/hub/session/a7943535-fd47-4506-b745-990fd7c2eef8/source [39m[32m200[39m [90m466 ms - 37147[39m
[35m[HTTP][39m [90m[39m
[35m[HTTP][39m [37m-->[39m [37mGET[39m [37m/wd/hub/session/a7943535-fd47-4506-b745-990fd7c2eef8/screenshot[39m
[35m[HTTP][39m [90m{}[39m
[35m[HTTP][39m [37m<-- GET /wd/hub/session/a7943535-fd47-4506-b745-990fd7c2eef8/screenshot [39m[32m200[39m [90m1089 ms - 1020146[39m
[35m[HTTP][39m [90m[39m
[35m[HTTP][39m [37m-->[39m [37mPOST[39m [37m/wd/hub/session/a7943535-fd47-4506-b745-990fd7c2eef8/elements[39m
[35m[HTTP][39m [90m{"using":"xpath","value":"//*[@class = 'android.view.ViewGroup' and (@text = '' or . = '')]"}[39m
[35m[HTTP][39m [37m<-- POST /wd/hub/session/a7943535-fd47-4506-b745-990fd7c2eef8/elements [39m[32m200[39m [90m673 ms - 5387[39m
[35m[HTTP][39m [90m[39m
[35m[HTTP][39m [37m-->[39m [37mPOST[39m [37m/wd/hub/session/a7943535-fd47-4506-b745-990fd7c2eef8/elements[39m
[35m[HTTP][39m [90m{"using":"-android uiautomator","value":"new UiSelector().className(\"android.view.ViewGroup\")"}[39m
[35m[HTTP][39m [37m<-- POST /wd/hub/session/a7943535-fd47-4506-b745-990fd7c2eef8/elements [39m[32m200[39m [90m775 ms - 5387[39m
[35m[HTTP][39m [90m[39m
[35m[HTTP][39m [37m-->[39m [37mGET[39m [37m/wd/hub/session/a7943535-fd47-4506-b745-990fd7c2eef8/window/rect[39m
[35m[HTTP][39m [90m{}[39m
[35m[HTTP][39m [37m<-- GET /wd/hub/session/a7943535-fd47-4506-b745-990fd7c2eef8/window/rect [39m[32m200[39m [90m47 ms - 49[39m
[35m[HTTP][39m [90m[39m
[35m[HTTP][39m [37m-->[39m [37mPOST[39m [37m/wd/hub/session/a7943535-fd47-4506-b745-990fd7c2eef8/elements[39m
[35m[HTTP][39m [90m{"using":"xpath","value":"//hierarchy/android.widget.FrameLayout[1]/android.widget.LinearLayout[1]/android.widget.FrameLayout[1]/android.widget.LinearLayout[1]/android.widget.FrameLayout[1]/android.widget.FrameLayout[1]/android.view.ViewGroup[1]/android.view.ViewGroup[2]/android.view.ViewGroup[1]/android.view.ViewGroup[1]/android.view.ViewGroup[1]/android.view.ViewGroup[1]/android.view.ViewGroup[1]/android.view.ViewGroup[1]/android.view.ViewGroup[1]/android.widget.ScrollView[1]/android.view.ViewGroup[1]/android.widget.ScrollView[1]/android.view.ViewGroup[1]/android.widget.ScrollView[1]/android.view.ViewGroup[1]/android.view.ViewGroup[2]/android.view.ViewGroup[1]/android.view.ViewGroup[1]/android.view.ViewGroup[1]"}[39m
[35m[HTTP][39m [37m<-- POST /wd/hub/session/a7943535-fd47-4506-b745-990fd7c2eef8/elements [39m[32m200[39m [90m169 ms - 139[39m
[35m[HTTP][39m [90m[39m
[35m[HTTP][39m [37m-->[39m [37mGET[39m [37m/wd/hub/session/a7943535-fd47-4506-b745-990fd7c2eef8/element/00000000-0000-021e-ffff-ffff0000009b/location[39m
[35m[HTTP][39m [90m{}[39m
[35m[W3C (a7943535)][39m Driver proxy active, passing request on via HTTP proxy
[35m[WD Proxy][39m Replacing sessionId fb42896c-085d-4018-b462-973ff1d923a1 with a7943535-fd47-4506-b745-990fd7c2eef8
[35m[HTTP][39m [37m<-- GET /wd/hub/session/a7943535-fd47-4506-b745-990fd7c2eef8/element/00000000-0000-021e-ffff-ffff0000009b/location [39m[32m200[39m [90m39 ms - 77[39m
[35m[HTTP][39m [90m[39m
[35m[HTTP][39m [37m-->[39m [37mPOST[39m [37m/wd/hub/session/a7943535-fd47-4506-b745-990fd7c2eef8/element/00000000-0000-021e-ffff-ffff0000009b/click[39m
[35m[HTTP][39m [90m{"id":"00000000-0000-021e-ffff-ffff0000009b"}[39m
[35m[HTTP][39m [37m<-- POST /wd/hub/session/a7943535-fd47-4506-b745-990fd7c2eef8/element/00000000-0000-021e-ffff-ffff0000009b/click [39m[32m200[39m [90m71 ms - 14[39m
[35m[HTTP][39m [90m[39m
[35m[HTTP][39m [37m-->[39m [37mGET[39m [37m/wd/hub/session/a7943535-fd47-4506-b745-990fd7c2eef8/source[39m
[35m[HTTP][39m [90m{}[39m
[35m[W3C (a7943535)][39m Driver proxy active, passing request on via HTTP proxy
[35m[WD Proxy][39m Replacing sessionId fb42896c-085d-4018-b462-973ff1d923a1 with a7943535-fd47-4506-b745-990fd7c2eef8
[35m[HTTP][39m [37m<-- GET /wd/hub/session/a7943535-fd47-4506-b745-990fd7c2eef8/source [39m[32m200[39m [90m649 ms - 24786[39m
[35m[HTTP][39m [90m[39m
[35m[HTTP][39m [37m-->[39m [37mGET[39m [37m/wd/hub/session/a7943535-fd47-4506-b745-990fd7c2eef8/screenshot[39m
[35m[HTTP][39m [90m{}[39m
[35m[HTTP][39m [37m<-- GET /wd/hub/session/a7943535-fd47-4506-b745-990fd7c2eef8/screenshot [39m[32m200[39m [90m465 ms - 45988[39m
[35m[HTTP][39m [90m[39m
[35m[HTTP][39m [37m-->[39m [37mGET[39m [37m/wd/hub/session/a7943535-fd47-4506-b745-990fd7c2eef8/source[39m
[35m[HTTP][39m [90m{}[39m
[35m[W3C (a7943535)][39m Driver proxy active, passing request on via HTTP proxy
[35m[WD Proxy][39m Replacing sessionId fb42896c-085d-4018-b462-973ff1d923a1 with a7943535-fd47-4506-b745-990fd7c2eef8
[35m[HTTP][39m [37m<-- GET /wd/hub/session/a7943535-fd47-4506-b745-990fd7c2eef8/source [39m[32m200[39m [90m769 ms - 36806[39m
[35m[HTTP][39m [90m[39m
[35m[HTTP][39m [37m-->[39m [37mGET[39m [37m/wd/hub/session/a7943535-fd47-4506-b745-990fd7c2eef8/screenshot[39m
[35m[HTTP][39m [90m{}[39m
[35m[HTTP][39m [37m<-- GET /wd/hub/session/a7943535-fd47-4506-b745-990fd7c2eef8/screenshot [39m[32m200[39m [90m577 ms - 382894[39m
[35m[HTTP][39m [90m[39m
[35m[HTTP][39m [37m-->[39m [37mPOST[39m [37m/wd/hub/session/a7943535-fd47-4506-b745-990fd7c2eef8/elements[39m
[35m[HTTP][39m [90m{"using":"xpath","value":"//*[@class = 'android.view.ViewGroup' and (@text = '' or . = '')]"}[39m
[35m[HTTP][39m [37m<-- POST /wd/hub/session/a7943535-fd47-4506-b745-990fd7c2eef8/elements [39m[32m200[39m [90m289 ms - 5387[39m
[35m[HTTP][39m [90m[39m
[35m[HTTP][39m [37m-->[39m [37mPOST[39m [37m/wd/hub/session/a7943535-fd47-4506-b745-990fd7c2eef8/elements[39m
[35m[HTTP][39m [90m{"using":"-android uiautomator","value":"new UiSelector().className(\"android.view.ViewGroup\")"}[39m
[35m[HTTP][39m [37m<-- POST /wd/hub/session/a7943535-fd47-4506-b745-990fd7c2eef8/elements [39m[32m200[39m [90m653 ms - 5387[39m
[35m[HTTP][39m [90m[39m
[35m[HTTP][39m [37m-->[39m [37mGET[39m [37m/wd/hub/session/a7943535-fd47-4506-b745-990fd7c2eef8/window/rect[39m
[35m[HTTP][39m [90m{}[39m
[35m[HTTP][39m [37m<-- GET /wd/hub/session/a7943535-fd47-4506-b745-990fd7c2eef8/window/rect [39m[32m200[39m [90m44 ms - 49[39m
[35m[HTTP][39m [90m[39m
[35m[HTTP][39m [37m-->[39m [37mPOST[39m [37m/wd/hub/session/a7943535-fd47-4506-b745-990fd7c2eef8/elements[39m
[35m[HTTP][39m [90m{"using":"xpath","value":"//hierarchy/android.widget.FrameLayout[1]/android.widget.LinearLayout[1]/android.widget.FrameLayout[1]/android.widget.LinearLayout[1]/android.widget.FrameLayout[1]/android.widget.FrameLayout[1]/android.view.ViewGroup[1]/android.view.ViewGroup[2]/android.view.ViewGroup[1]/android.view.ViewGroup[1]/android.view.ViewGroup[1]/android.view.ViewGroup[1]/android.view.ViewGroup[1]/android.view.ViewGroup[1]/android.view.ViewGroup[1]/android.widget.ScrollView[1]/android.view.ViewGroup[1]/android.widget.ScrollView[1]/android.view.ViewGroup[1]/android.view.ViewGroup[1]/android.view.ViewGroup[1]/android.view.ViewGroup[1]/android.view.ViewGroup[1]"}[39m
[35m[HTTP][39m [37m<-- POST /wd/hub/session/a7943535-fd47-4506-b745-990fd7c2eef8/elements [39m[32m200[39m [90m228 ms - 139[39m
[35m[HTTP][39m [90m[39m
[35m[HTTP][39m [37m-->[39m [37mGET[39m [37m/wd/hub/session/a7943535-fd47-4506-b745-990fd7c2eef8/element/00000000-0000-021e-ffff-ffff00000152/location[39m
[35m[HTTP][39m [90m{}[39m
[35m[W3C (a7943535)][39m Driver proxy active, passing request on via HTTP proxy
[35m[WD Proxy][39m Replacing sessionId fb42896c-085d-4018-b462-973ff1d923a1 with a7943535-fd47-4506-b745-990fd7c2eef8
[35m[HTTP][39m [37m<-- GET /wd/hub/session/a7943535-fd47-4506-b745-990fd7c2eef8/element/00000000-0000-021e-ffff-ffff00000152/location [39m[32m200[39m [90m27 ms - 77[39m
[35m[HTTP][39m [90m[39m
[35m[HTTP][39m [37m-->[39m [37mPOST[39m [37m/wd/hub/session/a7943535-fd47-4506-b745-990fd7c2eef8/element/00000000-0000-021e-ffff-ffff00000152/click[39m
[35m[HTTP][39m [90m{"id":"00000000-0000-021e-ffff-ffff00000152"}[39m
[35m[HTTP][39m [37m<-- POST /wd/hub/session/a7943535-fd47-4506-b745-990fd7c2eef8/element/00000000-0000-021e-ffff-ffff00000152/click [39m[32m200[39m [90m56 ms - 14[39m
[35m[HTTP][39m [90m[39m
[35m[HTTP][39m [37m-->[39m [37mGET[39m [37m/wd/hub/session/a7943535-fd47-4506-b745-990fd7c2eef8/source[39m
[35m[HTTP][39m [90m{}[39m
[35m[W3C (a7943535)][39m Driver proxy active, passing request on via HTTP proxy
[35m[WD Proxy][39m Replacing sessionId fb42896c-085d-4018-b462-973ff1d923a1 with a7943535-fd47-4506-b745-990fd7c2eef8
[35m[HTTP][39m [37m<-- GET /wd/hub/session/a7943535-fd47-4506-b745-990fd7c2eef8/source [39m[32m200[39m [90m1153 ms - 23041[39m
[35m[HTTP][39m [90m[39m
[35m[HTTP][39m [37m-->[39m [37mGET[39m [37m/wd/hub/session/a7943535-fd47-4506-b745-990fd7c2eef8/screenshot[39m
[35m[HTTP][39m [90m{}[39m
[35m[HTTP][39m [37m<-- GET /wd/hub/session/a7943535-fd47-4506-b745-990fd7c2eef8/screenshot [39m[32m200[39m [90m577 ms - 331110[39m
[35m[HTTP][39m [90m[39m
[35m[HTTP][39m [37m-->[39m [37mPOST[39m [37m/wd/hub/session/a7943535-fd47-4506-b745-990fd7c2eef8/elements[39m
[35m[HTTP][39m [90m{"using":"xpath","value":"//*[@class = 'android.view.ViewGroup' and (@text = '' or . = '')]"}[39m
[35m[HTTP][39m [37m<-- POST /wd/hub/session/a7943535-fd47-4506-b745-990fd7c2eef8/elements [39m[32m200[39m [90m194 ms - 3211[39m
[35m[HTTP][39m [90m[39m
[35m[HTTP][39m [37m-->[39m [37mPOST[39m [37m/wd/hub/session/a7943535-fd47-4506-b745-990fd7c2eef8/elements[39m
[35m[HTTP][39m [90m{"using":"-android uiautomator","value":"new UiSelector().className(\"android.view.ViewGroup\")"}[39m
[35m[HTTP][39m [37m<-- POST /wd/hub/session/a7943535-fd47-4506-b745-990fd7c2eef8/elements [39m[32m200[39m [90m857 ms - 3211[39m
[35m[HTTP][39m [90m[39m
[35m[HTTP][39m [37m-->[39m [37mGET[39m [37m/wd/hub/session/a7943535-fd47-4506-b745-990fd7c2eef8/window/rect[39m
[35m[HTTP][39m [90m{}[39m
[35m[HTTP][39m [37m<-- GET /wd/hub/session/a7943535-fd47-4506-b745-990fd7c2eef8/window/rect [39m[32m200[39m [90m30 ms - 49[39m
[35m[HTTP][39m [90m[39m
[35m[HTTP][39m [37m-->[39m [37mPOST[39m [37m/wd/hub/session/a7943535-fd47-4506-b745-990fd7c2eef8/elements[39m
[35m[HTTP][39m [90m{"using":"xpath","value":"//hierarchy/android.widget.FrameLayout[1]/android.widget.LinearLayout[1]/android.widget.FrameLayout[1]/android.widget.LinearLayout[1]/android.widget.FrameLayout[1]/android.widget.FrameLayout[1]/android.view.ViewGroup[1]/android.view.ViewGroup[2]/android.view.ViewGroup[1]/android.view.ViewGroup[1]/android.view.ViewGroup[1]/android.view.ViewGroup[1]/android.view.ViewGroup[1]/android.view.ViewGroup[1]/android.view.ViewGroup[1]/android.view.ViewGroup[1]/android.widget.ScrollView[1]/android.view.ViewGroup[1]/android.view.ViewGroup[3]/android.view.ViewGroup[1]"}[39m
[35m[HTTP][39m [37m<-- POST /wd/hub/session/a7943535-fd47-4506-b745-990fd7c2eef8/elements [39m[32m200[39m [90m152 ms - 139[39m
[35m[HTTP][39m [90m[39m
[35m[HTTP][39m [37m-->[39m [37mGET[39m [37m/wd/hub/session/a7943535-fd47-4506-b745-990fd7c2eef8/element/00000000-0000-021e-ffff-ffff00000191/location[39m
[35m[HTTP][39m [90m{}[39m
[35m[W3C (a7943535)][39m Driver proxy active, passing request on via HTTP proxy
[35m[WD Proxy][39m Replacing sessionId fb42896c-085d-4018-b462-973ff1d923a1 with a7943535-fd47-4506-b745-990fd7c2eef8
[35m[HTTP][39m [37m<-- GET /wd/hub/session/a7943535-fd47-4506-b745-990fd7c2eef8/element/00000000-0000-021e-ffff-ffff00000191/location [39m[32m200[39m [90m25 ms - 78[39m
[35m[HTTP][39m [90m[39m
[35m[HTTP][39m [37m-->[39m [37mPOST[39m [37m/wd/hub/session/a7943535-fd47-4506-b745-990fd7c2eef8/element/00000000-0000-021e-ffff-ffff00000191/click[39m
[35m[HTTP][39m [90m{"id":"00000000-0000-021e-ffff-ffff00000191"}[39m
[35m[HTTP][39m [37m<-- POST /wd/hub/session/a7943535-fd47-4506-b745-990fd7c2eef8/element/00000000-0000-021e-ffff-ffff00000191/click [39m[32m200[39m [90m49 ms - 14[39m
[35m[HTTP][39m [90m[39m
[35m[HTTP][39m [37m-->[39m [37mGET[39m [37m/wd/hub/session/a7943535-fd47-4506-b745-990fd7c2eef8/source[39m
[35m[HTTP][39m [90m{}[39m
[35m[W3C (a7943535)][39m Driver proxy active, passing request on via HTTP proxy
[35m[WD Proxy][39m Replacing sessionId fb42896c-085d-4018-b462-973ff1d923a1 with a7943535-fd47-4506-b745-990fd7c2eef8
[35m[HTTP][39m [37m<-- GET /wd/hub/session/a7943535-fd47-4506-b745-990fd7c2eef8/source [39m[32m200[39m [90m465 ms - 23961[39m
[35m[HTTP][39m [90m[39m
[35m[HTTP][39m [37m-->[39m [37mGET[39m [37m/wd/hub/session/a7943535-fd47-4506-b745-990fd7c2eef8/screenshot[39m
[35m[HTTP][39m [90m{}[39m
[35m[HTTP][39m [37m<-- GET /wd/hub/session/a7943535-fd47-4506-b745-990fd7c2eef8/screenshot [39m[32m200[39m [90m576 ms - 331242[39m
[35m[HTTP][39m [90m[39m
[35m[HTTP][39m [37m-->[39m [37mPOST[39m [37m/wd/hub/session/a7943535-fd47-4506-b745-990fd7c2eef8/elements[39m
[35m[HTTP][39m [90m{"using":"xpath","value":"//*[@class = 'android.widget.TextView' and (@text = 'Your Bag' or . = 'Your Bag')]"}[39m
[35m[HTTP][39m [37m<-- POST /wd/hub/session/a7943535-fd47-4506-b745-990fd7c2eef8/elements [39m[32m200[39m [90m211 ms - 139[39m
[35m[HTTP][39m [90m[39m
[35m[HTTP][39m [37m-->[39m [37mGET[39m [37m/wd/hub/session/a7943535-fd47-4506-b745-990fd7c2eef8/window/rect[39m
[35m[HTTP][39m [90m{}[39m
[35m[HTTP][39m [37m<-- GET /wd/hub/session/a7943535-fd47-4506-b745-990fd7c2eef8/window/rect [39m[32m200[39m [90m23 ms - 49[39m
[35m[HTTP][39m [90m[39m
[35m[HTTP][39m [37m-->[39m [37mPOST[39m [37m/wd/hub/session/a7943535-fd47-4506-b745-990fd7c2eef8/elements[39m
[35m[HTTP][39m [90m{"using":"xpath","value":"//*[@class = 'android.widget.TextView' and (@text = 'Your Bag' or . = 'Your Bag')]"}[39m
[35m[HTTP][39m [37m<-- POST /wd/hub/session/a7943535-fd47-4506-b745-990fd7c2eef8/elements [39m[32m200[39m [90m140 ms - 139[39m
[35m[HTTP][39m [90m[39m
[35m[HTTP][39m [37m-->[39m [37mGET[39m [37m/wd/hub/session/a7943535-fd47-4506-b745-990fd7c2eef8/element/00000000-0000-021e-ffff-ffff0000006b/location[39m
[35m[HTTP][39m [90m{}[39m
[35m[W3C (a7943535)][39m Driver proxy active, passing request on via HTTP proxy
[35m[WD Proxy][39m Replacing sessionId fb42896c-085d-4018-b462-973ff1d923a1 with a7943535-fd47-4506-b745-990fd7c2eef8
[35m[HTTP][39m [37m<-- GET /wd/hub/session/a7943535-fd47-4506-b745-990fd7c2eef8/element/00000000-0000-021e-ffff-ffff0000006b/location [39m[32m200[39m [90m28 ms - 79[39m
[35m[HTTP][39m [90m[39m
[35m[HTTP][39m [37m-->[39m [37mPOST[39m [37m/wd/hub/session/a7943535-fd47-4506-b745-990fd7c2eef8/elements[39m
[35m[HTTP][39m [90m{"using":"xpath","value":"//*[@class = 'android.widget.TextView' and (@text = 'Your Bag' or . = 'Your Bag')]"}[39m
[35m[HTTP][39m [37m<-- POST /wd/hub/session/a7943535-fd47-4506-b745-990fd7c2eef8/elements [39m[32m200[39m [90m138 ms - 139[39m
[35m[HTTP][39m [90m[39m
[35m[HTTP][39m [37m-->[39m [37mGET[39m [37m/wd/hub/session/a7943535-fd47-4506-b745-990fd7c2eef8/element/00000000-0000-021e-ffff-ffff0000006b/location[39m
[35m[HTTP][39m [90m{}[39m
[35m[W3C (a7943535)][39m Driver proxy active, passing request on via HTTP proxy
[35m[WD Proxy][39m Replacing sessionId fb42896c-085d-4018-b462-973ff1d923a1 with a7943535-fd47-4506-b745-990fd7c2eef8
[35m[HTTP][39m [37m<-- GET /wd/hub/session/a7943535-fd47-4506-b745-990fd7c2eef8/element/00000000-0000-021e-ffff-ffff0000006b/location [39m[32m200[39m [90m24 ms - 79[39m
[35m[HTTP][39m [90m[39m
[35m[HTTP][39m [37m-->[39m [37mPOST[39m [37m/wd/hub/session/a7943535-fd47-4506-b745-990fd7c2eef8/elements[39m
[35m[HTTP][39m [90m{"using":"xpath","value":"//*[@class = 'android.widget.TextView' and (@text = 'Your Bag' or . = 'Your Bag')]"}[39m
[35m[HTTP][39m [37m<-- POST /wd/hub/session/a7943535-fd47-4506-b745-990fd7c2eef8/elements [39m[32m200[39m [90m163 ms - 139[39m
[35m[HTTP][39m [90m[39m
[35m[HTTP][39m [37m-->[39m [37mGET[39m [37m/wd/hub/session/a7943535-fd47-4506-b745-990fd7c2eef8/element/00000000-0000-021e-ffff-ffff0000006b/location[39m
[35m[HTTP][39m [90m{}[39m
[35m[W3C (a7943535)][39m Driver proxy active, passing request on via HTTP proxy
[35m[WD Proxy][39m Replacing sessionId fb42896c-085d-4018-b462-973ff1d923a1 with a7943535-fd47-4506-b745-990fd7c2eef8
[35m[HTTP][39m [37m<-- GET /wd/hub/session/a7943535-fd47-4506-b745-990fd7c2eef8/element/00000000-0000-021e-ffff-ffff0000006b/location [39m[32m200[39m [90m27 ms - 79[39m
[35m[HTTP][39m [90m[39m
[35m[HTTP][39m [37m-->[39m [37mPOST[39m [37m/wd/hub/session/a7943535-fd47-4506-b745-990fd7c2eef8/elements[39m
[35m[HTTP][39m [90m{"using":"xpath","value":"//*[@class = 'android.widget.TextView' and (@text = 'Your Bag' or . = 'Your Bag')]"}[39m
[35m[HTTP][39m [37m<-- POST /wd/hub/session/a7943535-fd47-4506-b745-990fd7c2eef8/elements [39m[32m200[39m [90m148 ms - 139[39m
[35m[HTTP][39m [90m[39m
[35m[HTTP][39m [37m-->[39m [37mGET[39m [37m/wd/hub/session/a7943535-fd47-4506-b745-990fd7c2eef8/element/00000000-0000-021e-ffff-ffff0000006b/location[39m
[35m[HTTP][39m [90m{}[39m
[35m[W3C (a7943535)][39m Driver proxy active, passing request on via HTTP proxy
[35m[WD Proxy][39m Replacing sessionId fb42896c-085d-4018-b462-973ff1d923a1 with a7943535-fd47-4506-b745-990fd7c2eef8
[35m[HTTP][39m [37m<-- GET /wd/hub/session/a7943535-fd47-4506-b745-990fd7c2eef8/element/00000000-0000-021e-ffff-ffff0000006b/location [39m[32m200[39m [90m24 ms - 79[39m
[35m[HTTP][39m [90m[39m
[35m[HTTP][39m [37m-->[39m [37mPOST[39m [37m/wd/hub/session/a7943535-fd47-4506-b745-990fd7c2eef8/elements[39m
[35m[HTTP][39m [90m{"using":"xpath","value":"//*[@class = 'android.widget.TextView' and (@text = 'Your Bag' or . = 'Your Bag')]"}[39m
[35m[HTTP][39m [37m<-- POST /wd/hub/session/a7943535-fd47-4506-b745-990fd7c2eef8/elements [39m[32m200[39m [90m135 ms - 139[39m
[35m[HTTP][39m [90m[39m
[35m[HTTP][39m [37m-->[39m [37mGET[39m [37m/wd/hub/session/a7943535-fd47-4506-b745-990fd7c2eef8/element/00000000-0000-021e-ffff-ffff0000006b/location[39m
[35m[HTTP][39m [90m{}[39m
[35m[W3C (a7943535)][39m Driver proxy active, passing request on via HTTP proxy
[35m[WD Proxy][39m Replacing sessionId fb42896c-085d-4018-b462-973ff1d923a1 with a7943535-fd47-4506-b745-990fd7c2eef8
[35m[HTTP][39m [37m<-- GET /wd/hub/session/a7943535-fd47-4506-b745-990fd7c2eef8/element/00000000-0000-021e-ffff-ffff0000006b/location [39m[32m200[39m [90m24 ms - 79[39m
[35m[HTTP][39m [90m[39m
[35m[HTTP][39m [37m-->[39m [37mPOST[39m [37m/wd/hub/session/a7943535-fd47-4506-b745-990fd7c2eef8/elements[39m
[35m[HTTP][39m [90m{"using":"xpath","value":"//*[@class = 'android.widget.TextView' and (@text = 'Your Bag' or . = 'Your Bag')]"}[39m
[35m[HTTP][39m [37m<-- POST /wd/hub/session/a7943535-fd47-4506-b745-990fd7c2eef8/elements [39m[32m200[39m [90m126 ms - 139[39m
[35m[HTTP][39m [90m[39m
[35m[HTTP][39m [37m-->[39m [37mGET[39m [37m/wd/hub/session/a7943535-fd47-4506-b745-990fd7c2eef8/element/00000000-0000-021e-ffff-ffff0000006b/location[39m
[35m[HTTP][39m [90m{}[39m
[35m[W3C (a7943535)][39m Driver proxy active, passing request on via HTTP proxy
[35m[WD Proxy][39m Replacing sessionId fb42896c-085d-4018-b462-973ff1d923a1 with a7943535-fd47-4506-b745-990fd7c2eef8
[35m[HTTP][39m [37m<-- GET /wd/hub/session/a7943535-fd47-4506-b745-990fd7c2eef8/element/00000000-0000-021e-ffff-ffff0000006b/location [39m[32m200[39m [90m29 ms - 79[39m
[35m[HTTP][39m [90m[39m
[35m[HTTP][39m [37m-->[39m [37mPOST[39m [37m/wd/hub/session/a7943535-fd47-4506-b745-990fd7c2eef8/elements[39m
[35m[HTTP][39m [90m{"using":"xpath","value":"//*[@class = 'android.widget.TextView' and (@text = 'Your Bag' or . = 'Your Bag')]"}[39m
[35m[HTTP][39m [37m<-- POST /wd/hub/session/a7943535-fd47-4506-b745-990fd7c2eef8/elements [39m[32m200[39m [90m120 ms - 139[39m
[35m[HTTP][39m [90m[39m
[35m[HTTP][39m [37m-->[39m [37mGET[39m [37m/wd/hub/session/a7943535-fd47-4506-b745-990fd7c2eef8/element/00000000-0000-021e-ffff-ffff0000006b/location[39m
[35m[HTTP][39m [90m{}[39m
[35m[W3C (a7943535)][39m Driver proxy active, passing request on via HTTP proxy
[35m[WD Proxy][39m Replacing sessionId fb42896c-085d-4018-b462-973ff1d923a1 with a7943535-fd47-4506-b745-990fd7c2eef8
[35m[HTTP][39m [37m<-- GET /wd/hub/session/a7943535-fd47-4506-b745-990fd7c2eef8/element/00000000-0000-021e-ffff-ffff0000006b/location [39m[32m200[39m [90m24 ms - 79[39m
[35m[HTTP][39m [90m[39m
[35m[HTTP][39m [37m-->[39m [37mPOST[39m [37m/wd/hub/session/a7943535-fd47-4506-b745-990fd7c2eef8/elements[39m
[35m[HTTP][39m [90m{"using":"xpath","value":"//*[@class = 'android.widget.TextView' and (@text = 'Your Bag' or . = 'Your Bag')]"}[39m
[35m[HTTP][39m [37m<-- POST /wd/hub/session/a7943535-fd47-4506-b745-990fd7c2eef8/elements [39m[32m200[39m [90m135 ms - 139[39m
[35m[HTTP][39m [90m[39m
[35m[HTTP][39m [37m-->[39m [37mGET[39m [37m/wd/hub/session/a7943535-fd47-4506-b745-990fd7c2eef8/element/00000000-0000-021e-ffff-ffff0000006b/location[39m
[35m[HTTP][39m [90m{}[39m
[35m[W3C (a7943535)][39m Driver proxy active, passing request on via HTTP proxy
[35m[WD Proxy][39m Replacing sessionId fb42896c-085d-4018-b462-973ff1d923a1 with a7943535-fd47-4506-b745-990fd7c2eef8
[35m[HTTP][39m [37m<-- GET /wd/hub/session/a7943535-fd47-4506-b745-990fd7c2eef8/element/00000000-0000-021e-ffff-ffff0000006b/location [39m[32m200[39m [90m28 ms - 79[39m
[35m[HTTP][39m [90m[39m
[35m[HTTP][39m [37m-->[39m [37mPOST[39m [37m/wd/hub/session/a7943535-fd47-4506-b745-990fd7c2eef8/elements[39m
[35m[HTTP][39m [90m{"using":"xpath","value":"//*[@class = 'android.widget.TextView' and (@text = 'Your Bag' or . = 'Your Bag')]"}[39m
[35m[HTTP][39m [37m<-- POST /wd/hub/session/a7943535-fd47-4506-b745-990fd7c2eef8/elements [39m[32m200[39m [90m119 ms - 139[39m
[35m[HTTP][39m [90m[39m
[35m[HTTP][39m [37m-->[39m [37mGET[39m [37m/wd/hub/session/a7943535-fd47-4506-b745-990fd7c2eef8/element/00000000-0000-021e-ffff-ffff0000006b/location[39m
[35m[HTTP][39m [90m{}[39m
[35m[W3C (a7943535)][39m Driver proxy active, passing request on via HTTP proxy
[35m[WD Proxy][39m Replacing sessionId fb42896c-085d-4018-b462-973ff1d923a1 with a7943535-fd47-4506-b745-990fd7c2eef8
[35m[HTTP][39m [37m<-- GET /wd/hub/session/a7943535-fd47-4506-b745-990fd7c2eef8/element/00000000-0000-021e-ffff-ffff0000006b/location [39m[32m200[39m [90m21 ms - 79[39m
[35m[HTTP][39m [90m[39m
[35m[HTTP][39m [37m-->[39m [37mPOST[39m [37m/wd/hub/session/a7943535-fd47-4506-b745-990fd7c2eef8/elements[39m
[35m[HTTP][39m [90m{"using":"xpath","value":"//*[@class = 'android.widget.TextView' and (@text = 'Your Bag' or . = 'Your Bag')]"}[39m
[35m[HTTP][39m [37m<-- POST /wd/hub/session/a7943535-fd47-4506-b745-990fd7c2eef8/elements [39m[32m200[39m [90m133 ms - 139[39m
[35m[HTTP][39m [90m[39m
[35m[HTTP][39m [37m-->[39m [37mGET[39m [37m/wd/hub/session/a7943535-fd47-4506-b745-990fd7c2eef8/element/00000000-0000-021e-ffff-ffff0000006b/location[39m
[35m[HTTP][39m [90m{}[39m
[35m[W3C (a7943535)][39m Driver proxy active, passing request on via HTTP proxy
[35m[WD Proxy][39m Replacing sessionId fb42896c-085d-4018-b462-973ff1d923a1 with a7943535-fd47-4506-b745-990fd7c2eef8
[35m[HTTP][39m [37m<-- GET /wd/hub/session/a7943535-fd47-4506-b745-990fd7c2eef8/element/00000000-0000-021e-ffff-ffff0000006b/location [39m[32m200[39m [90m37 ms - 79[39m
[35m[HTTP][39m [90m[39m
[35m[HTTP][39m [37m-->[39m [37mPOST[39m [37m/wd/hub/session/a7943535-fd47-4506-b745-990fd7c2eef8/elements[39m
[35m[HTTP][39m [90m{"using":"xpath","value":"//*[@class = 'android.widget.TextView' and (@text = 'Your Bag' or . = 'Your Bag')]"}[39m
[35m[HTTP][39m [37m<-- POST /wd/hub/session/a7943535-fd47-4506-b745-990fd7c2eef8/elements [39m[32m200[39m [90m132 ms - 139[39m
[35m[HTTP][39m [90m[39m
[35m[HTTP][39m [37m-->[39m [37mGET[39m [37m/wd/hub/session/a7943535-fd47-4506-b745-990fd7c2eef8/element/00000000-0000-021e-ffff-ffff0000006b/location[39m
[35m[HTTP][39m [90m{}[39m
[35m[W3C (a7943535)][39m Driver proxy active, passing request on via HTTP proxy
[35m[WD Proxy][39m Replacing sessionId fb42896c-085d-4018-b462-973ff1d923a1 with a7943535-fd47-4506-b745-990fd7c2eef8
[35m[HTTP][39m [37m<-- GET /wd/hub/session/a7943535-fd47-4506-b745-990fd7c2eef8/element/00000000-0000-021e-ffff-ffff0000006b/location [39m[32m200[39m [90m24 ms - 79[39m
[35m[HTTP][39m [90m[39m
[35m[HTTP][39m [37m-->[39m [37mPOST[39m [37m/wd/hub/session/a7943535-fd47-4506-b745-990fd7c2eef8/elements[39m
[35m[HTTP][39m [90m{"using":"xpath","value":"//*[@class = 'android.widget.TextView' and (@text = 'Your Bag' or . = 'Your Bag')]"}[39m
[35m[HTTP][39m [37m<-- POST /wd/hub/session/a7943535-fd47-4506-b745-990fd7c2eef8/elements [39m[32m200[39m [90m138 ms - 139[39m
[35m[HTTP][39m [90m[39m
[35m[HTTP][39m [37m-->[39m [37mGET[39m [37m/wd/hub/session/a7943535-fd47-4506-b745-990fd7c2eef8/element/00000000-0000-021e-ffff-ffff0000006b/location[39m
[35m[HTTP][39m [90m{}[39m
[35m[W3C (a7943535)][39m Driver proxy active, passing request on via HTTP proxy
[35m[WD Proxy][39m Replacing sessionId fb42896c-085d-4018-b462-973ff1d923a1 with a7943535-fd47-4506-b745-990fd7c2eef8
[35m[HTTP][39m [37m<-- GET /wd/hub/session/a7943535-fd47-4506-b745-990fd7c2eef8/element/00000000-0000-021e-ffff-ffff0000006b/location [39m[32m200[39m [90m49 ms - 79[39m
[35m[HTTP][39m [90m[39m
[35m[HTTP][39m [37m-->[39m [37mPOST[39m [37m/wd/hub/session/a7943535-fd47-4506-b745-990fd7c2eef8/elements[39m
[35m[HTTP][39m [90m{"using":"xpath","value":"//*[@class = 'android.widget.TextView' and (@text = 'Your Bag' or . = 'Your Bag')]"}[39m
[35m[HTTP][39m [37m<-- POST /wd/hub/session/a7943535-fd47-4506-b745-990fd7c2eef8/elements [39m[32m200[39m [90m151 ms - 139[39m
[35m[HTTP][39m [90m[39m
[35m[HTTP][39m [37m-->[39m [37mGET[39m [37m/wd/hub/session/a7943535-fd47-4506-b745-990fd7c2eef8/element/00000000-0000-021e-ffff-ffff0000006b/location[39m
[35m[HTTP][39m [90m{}[39m
[35m[W3C (a7943535)][39m Driver proxy active, passing request on via HTTP proxy
[35m[WD Proxy][39m Replacing sessionId fb42896c-085d-4018-b462-973ff1d923a1 with a7943535-fd47-4506-b745-990fd7c2eef8
[35m[HTTP][39m [37m<-- GET /wd/hub/session/a7943535-fd47-4506-b745-990fd7c2eef8/element/00000000-0000-021e-ffff-ffff0000006b/location [39m[32m200[39m [90m24 ms - 79[39m
[35m[HTTP][39m [90m[39m
[35m[HTTP][39m [37m-->[39m [37mPOST[39m [37m/wd/hub/session/a7943535-fd47-4506-b745-990fd7c2eef8/elements[39m
[35m[HTTP][39m [90m{"using":"xpath","value":"//*[@class = 'android.widget.TextView' and (@text = 'Your Bag' or . = 'Your Bag')]"}[39m
[35m[HTTP][39m [37m<-- POST /wd/hub/session/a7943535-fd47-4506-b745-990fd7c2eef8/elements [39m[32m200[39m [90m107 ms - 139[39m
[35m[HTTP][39m [90m[39m
[35m[HTTP][39m [37m-->[39m [37mGET[39m [37m/wd/hub/session/a7943535-fd47-4506-b745-990fd7c2eef8/element/00000000-0000-021e-ffff-ffff0000006b/location[39m
[35m[HTTP][39m [90m{}[39m
[35m[W3C (a7943535)][39m Driver proxy active, passing request on via HTTP proxy
[35m[WD Proxy][39m Replacing sessionId fb42896c-085d-4018-b462-973ff1d923a1 with a7943535-fd47-4506-b745-990fd7c2eef8
[35m[HTTP][39m [37m<-- GET /wd/hub/session/a7943535-fd47-4506-b745-990fd7c2eef8/element/00000000-0000-021e-ffff-ffff0000006b/location [39m[32m200[39m [90m32 ms - 79[39m
[35m[HTTP][39m [90m[39m
[35m[HTTP][39m [37m-->[39m [37mPOST[39m [37m/wd/hub/session/a7943535-fd47-4506-b745-990fd7c2eef8/elements[39m
[35m[HTTP][39m [90m{"using":"xpath","value":"//*[@class = 'android.widget.TextView' and (@text = 'Your Bag' or . = 'Your Bag')]"}[39m
[35m[HTTP][39m [37m<-- POST /wd/hub/session/a7943535-fd47-4506-b745-990fd7c2eef8/elements [39m[32m200[39m [90m119 ms - 139[39m
[35m[HTTP][39m [90m[39m
[35m[HTTP][39m [37m-->[39m [37mGET[39m [37m/wd/hub/session/a7943535-fd47-4506-b745-990fd7c2eef8/element/00000000-0000-021e-ffff-ffff0000006b/location[39m
[35m[HTTP][39m [90m{}[39m
[35m[W3C (a7943535)][39m Driver proxy active, passing request on via HTTP proxy
[35m[WD Proxy][39m Replacing sessionId fb42896c-085d-4018-b462-973ff1d923a1 with a7943535-fd47-4506-b745-990fd7c2eef8
[35m[HTTP][39m [37m<-- GET /wd/hub/session/a7943535-fd47-4506-b745-990fd7c2eef8/element/00000000-0000-021e-ffff-ffff0000006b/location [39m[32m200[39m [90m24 ms - 79[39m
[35m[HTTP][39m [90m[39m
[35m[HTTP][39m [37m-->[39m [37mPOST[39m [37m/wd/hub/session/a7943535-fd47-4506-b745-990fd7c2eef8/elements[39m
[35m[HTTP][39m [90m{"using":"xpath","value":"//*[@class = 'android.widget.TextView' and (@text = 'Your Bag' or . = 'Your Bag')]"}[39m
[35m[HTTP][39m [37m<-- POST /wd/hub/session/a7943535-fd47-4506-b745-990fd7c2eef8/elements [39m[32m200[39m [90m725 ms - 139[39m
[35m[HTTP][39m [90m[39m
[35m[HTTP][39m [37m-->[39m [37mGET[39m [37m/wd/hub/session/a7943535-fd47-4506-b745-990fd7c2eef8/element/00000000-0000-021e-ffff-ffff0000006b/location[39m
[35m[HTTP][39m [90m{}[39m
[35m[W3C (a7943535)][39m Driver proxy active, passing request on via HTTP proxy
[35m[WD Proxy][39m Replacing sessionId fb42896c-085d-4018-b462-973ff1d923a1 with a7943535-fd47-4506-b745-990fd7c2eef8
[35m[HTTP][39m [37m<-- GET /wd/hub/session/a7943535-fd47-4506-b745-990fd7c2eef8/element/00000000-0000-021e-ffff-ffff0000006b/location [39m[32m200[39m [90m23 ms - 79[39m
[35m[HTTP][39m [90m[39m
[35m[HTTP][39m [37m-->[39m [37mPOST[39m [37m/wd/hub/session/a7943535-fd47-4506-b745-990fd7c2eef8/elements[39m
[35m[HTTP][39m [90m{"using":"xpath","value":"//*[@class = 'android.widget.TextView' and (@text = 'Your Bag' or . = 'Your Bag')]"}[39m
[35m[HTTP][39m [37m<-- POST /wd/hub/session/a7943535-fd47-4506-b745-990fd7c2eef8/elements [39m[32m200[39m [90m132 ms - 139[39m
[35m[HTTP][39m [90m[39m
[35m[HTTP][39m [37m-->[39m [37mGET[39m [37m/wd/hub/session/a7943535-fd47-4506-b745-990fd7c2eef8/element/00000000-0000-021e-ffff-ffff0000006b/location[39m
[35m[HTTP][39m [90m{}[39m
[35m[W3C (a7943535)][39m Driver proxy active, passing request on via HTTP proxy
[35m[WD Proxy][39m Replacing sessionId fb42896c-085d-4018-b462-973ff1d923a1 with a7943535-fd47-4506-b745-990fd7c2eef8
[35m[HTTP][39m [37m<-- GET /wd/hub/session/a7943535-fd47-4506-b745-990fd7c2eef8/element/00000000-0000-021e-ffff-ffff0000006b/location [39m[32m200[39m [90m20 ms - 79[39m
[35m[HTTP][39m [90m[39m
[35m[HTTP][39m [37m-->[39m [37mPOST[39m [37m/wd/hub/session/a7943535-fd47-4506-b745-990fd7c2eef8/elements[39m
[35m[HTTP][39m [90m{"using":"xpath","value":"//*[@class = 'android.widget.TextView' and (@text = 'Your Bag' or . = 'Your Bag')]"}[39m
[35m[HTTP][39m [37m<-- POST /wd/hub/session/a7943535-fd47-4506-b745-990fd7c2eef8/elements [39m[32m200[39m [90m119 ms - 139[39m
[35m[HTTP][39m [90m[39m
[35m[HTTP][39m [37m-->[39m [37mGET[39m [37m/wd/hub/session/a7943535-fd47-4506-b745-990fd7c2eef8/element/00000000-0000-021e-ffff-ffff0000006b/location[39m
[35m[HTTP][39m [90m{}[39m
[35m[W3C (a7943535)][39m Driver proxy active, passing request on via HTTP proxy
[35m[WD Proxy][39m Replacing sessionId fb42896c-085d-4018-b462-973ff1d923a1 with a7943535-fd47-4506-b745-990fd7c2eef8
[35m[HTTP][39m [37m<-- GET /wd/hub/session/a7943535-fd47-4506-b745-990fd7c2eef8/element/00000000-0000-021e-ffff-ffff0000006b/location [39m[32m200[39m [90m26 ms - 79[39m
[35m[HTTP][39m [90m[39m
[35m[HTTP][39m [37m-->[39m [37mPOST[39m [37m/wd/hub/session/a7943535-fd47-4506-b745-990fd7c2eef8/elements[39m
[35m[HTTP][39m [90m{"using":"xpath","value":"//*[@class = 'android.widget.TextView' and (@text = 'Your Bag' or . = 'Your Bag')]"}[39m
[35m[HTTP][39m [37m<-- POST /wd/hub/session/a7943535-fd47-4506-b745-990fd7c2eef8/elements [39m[32m200[39m [90m105 ms - 139[39m
[35m[HTTP][39m [90m[39m
[35m[HTTP][39m [37m-->[39m [37mGET[39m [37m/wd/hub/session/a7943535-fd47-4506-b745-990fd7c2eef8/element/00000000-0000-021e-ffff-ffff0000006b/location[39m
[35m[HTTP][39m [90m{}[39m
[35m[W3C (a7943535)][39m Driver proxy active, passing request on via HTTP proxy
[35m[WD Proxy][39m Replacing sessionId fb42896c-085d-4018-b462-973ff1d923a1 with a7943535-fd47-4506-b745-990fd7c2eef8
[35m[HTTP][39m [37m<-- GET /wd/hub/session/a7943535-fd47-4506-b745-990fd7c2eef8/element/00000000-0000-021e-ffff-ffff0000006b/location [39m[32m200[39m [90m21 ms - 79[39m
[35m[HTTP][39m [90m[39m
[35m[HTTP][39m [37m-->[39m [37mPOST[39m [37m/wd/hub/session/a7943535-fd47-4506-b745-990fd7c2eef8/elements[39m
[35m[HTTP][39m [90m{"using":"xpath","value":"//*[@class = 'android.widget.TextView' and (@text = 'Your Bag' or . = 'Your Bag')]"}[39m
[35m[HTTP][39m [37m<-- POST /wd/hub/session/a7943535-fd47-4506-b745-990fd7c2eef8/elements [39m[32m200[39m [90m118 ms - 139[39m
[35m[HTTP][39m [90m[39m
[35m[HTTP][39m [37m-->[39m [37mGET[39m [37m/wd/hub/session/a7943535-fd47-4506-b745-990fd7c2eef8/element/00000000-0000-021e-ffff-ffff0000006b/location[39m
[35m[HTTP][39m [90m{}[39m
[35m[W3C (a7943535)][39m Driver proxy active, passing request on via HTTP proxy
[35m[WD Proxy][39m Replacing sessionId fb42896c-085d-4018-b462-973ff1d923a1 with a7943535-fd47-4506-b745-990fd7c2eef8
[35m[HTTP][39m [37m<-- GET /wd/hub/session/a7943535-fd47-4506-b745-990fd7c2eef8/element/00000000-0000-021e-ffff-ffff0000006b/location [39m[32m200[39m [90m25 ms - 79[39m
[35m[HTTP][39m [90m[39m
[35m[HTTP][39m [37m-->[39m [37mPOST[39m [37m/wd/hub/session/a7943535-fd47-4506-b745-990fd7c2eef8/elements[39m
[35m[HTTP][39m [90m{"using":"xpath","value":"//*[@class = 'android.widget.TextView' and (@text = 'Your Bag' or . = 'Your Bag')]"}[39m
[35m[HTTP][39m [37m<-- POST /wd/hub/session/a7943535-fd47-4506-b745-990fd7c2eef8/elements [39m[32m200[39m [90m130 ms - 139[39m
[35m[HTTP][39m [90m[39m
[35m[HTTP][39m [37m-->[39m [37mGET[39m [37m/wd/hub/session/a7943535-fd47-4506-b745-990fd7c2eef8/element/00000000-0000-021e-ffff-ffff0000006b/location[39m
[35m[HTTP][39m [90m{}[39m
[35m[W3C (a7943535)][39m Driver proxy active, passing request on via HTTP proxy
[35m[WD Proxy][39m Replacing sessionId fb42896c-085d-4018-b462-973ff1d923a1 with a7943535-fd47-4506-b745-990fd7c2eef8
[35m[HTTP][39m [37m<-- GET /wd/hub/session/a7943535-fd47-4506-b745-990fd7c2eef8/element/00000000-0000-021e-ffff-ffff0000006b/location [39m[32m200[39m [90m21 ms - 79[39m
[35m[HTTP][39m [90m[39m
[35m[HTTP][39m [37m-->[39m [37mPOST[39m [37m/wd/hub/session/a7943535-fd47-4506-b745-990fd7c2eef8/elements[39m
[35m[HTTP][39m [90m{"using":"xpath","value":"//*[@class = 'android.widget.TextView' and (@text = 'Your Bag' or . = 'Your Bag')]"}[39m
[35m[HTTP][39m [37m<-- POST /wd/hub/session/a7943535-fd47-4506-b745-990fd7c2eef8/elements [39m[32m200[39m [90m125 ms - 139[39m
[35m[HTTP][39m [90m[39m
[35m[HTTP][39m [37m-->[39m [37mGET[39m [37m/wd/hub/session/a7943535-fd47-4506-b745-990fd7c2eef8/element/00000000-0000-021e-ffff-ffff0000006b/location[39m
[35m[HTTP][39m [90m{}[39m
[35m[W3C (a7943535)][39m Driver proxy active, passing request on via HTTP proxy
[35m[WD Proxy][39m Replacing sessionId fb42896c-085d-4018-b462-973ff1d923a1 with a7943535-fd47-4506-b745-990fd7c2eef8
[35m[HTTP][39m [37m<-- GET /wd/hub/session/a7943535-fd47-4506-b745-990fd7c2eef8/element/00000000-0000-021e-ffff-ffff0000006b/location [39m[32m200[39m [90m23 ms - 79[39m
[35m[HTTP][39m [90m[39m
[35m[HTTP][39m [37m-->[39m [37mPOST[39m [37m/wd/hub/session/a7943535-fd47-4506-b745-990fd7c2eef8/elements[39m
[35m[HTTP][39m [90m{"using":"xpath","value":"//*[@class = 'android.widget.TextView' and (@text = 'Your Bag' or . = 'Your Bag')]"}[39m
[35m[HTTP][39m [37m<-- POST /wd/hub/session/a7943535-fd47-4506-b745-990fd7c2eef8/elements [39m[32m200[39m [90m131 ms - 139[39m
[35m[HTTP][39m [90m[39m
[35m[HTTP][39m [37m-->[39m [37mGET[39m [37m/wd/hub/session/a7943535-fd47-4506-b745-990fd7c2eef8/element/00000000-0000-021e-ffff-ffff0000006b/location[39m
[35m[HTTP][39m [90m{}[39m
[35m[W3C (a7943535)][39m Driver proxy active, passing request on via HTTP proxy
[35m[WD Proxy][39m Replacing sessionId fb42896c-085d-4018-b462-973ff1d923a1 with a7943535-fd47-4506-b745-990fd7c2eef8
[35m[HTTP][39m [37m<-- GET /wd/hub/session/a7943535-fd47-4506-b745-990fd7c2eef8/element/00000000-0000-021e-ffff-ffff0000006b/location [39m[32m200[39m [90m28 ms - 79[39m
[35m[HTTP][39m [90m[39m
[35m[HTTP][39m [37m-->[39m [37mPOST[39m [37m/wd/hub/session/a7943535-fd47-4506-b745-990fd7c2eef8/elements[39m
[35m[HTTP][39m [90m{"using":"xpath","value":"//*[@class = 'android.widget.TextView' and (@text = 'Your Bag' or . = 'Your Bag')]"}[39m
[35m[HTTP][39m [37m<-- POST /wd/hub/session/a7943535-fd47-4506-b745-990fd7c2eef8/elements [39m[32m200[39m [90m120 ms - 139[39m
[35m[HTTP][39m [90m[39m
[35m[HTTP][39m [37m-->[39m [37mGET[39m [37m/wd/hub/session/a7943535-fd47-4506-b745-990fd7c2eef8/element/00000000-0000-021e-ffff-ffff0000006b/location[39m
[35m[HTTP][39m [90m{}[39m
[35m[W3C (a7943535)][39m Driver proxy active, passing request on via HTTP proxy
[35m[WD Proxy][39m Replacing sessionId fb42896c-085d-4018-b462-973ff1d923a1 with a7943535-fd47-4506-b745-990fd7c2eef8
[35m[HTTP][39m [37m<-- GET /wd/hub/session/a7943535-fd47-4506-b745-990fd7c2eef8/element/00000000-0000-021e-ffff-ffff0000006b/location [39m[32m200[39m [90m22 ms - 79[39m
[35m[HTTP][39m [90m[39m
[35m[HTTP][39m [37m-->[39m [37mPOST[39m [37m/wd/hub/session/a7943535-fd47-4506-b745-990fd7c2eef8/elements[39m
[35m[HTTP][39m [90m{"using":"xpath","value":"//*[@class = 'android.widget.TextView' and (@text = 'Your Bag' or . = 'Your Bag')]"}[39m
[35m[HTTP][39m [37m<-- POST /wd/hub/session/a7943535-fd47-4506-b745-990fd7c2eef8/elements [39m[32m200[39m [90m124 ms - 139[39m
[35m[HTTP][39m [90m[39m
[35m[HTTP][39m [37m-->[39m [37mGET[39m [37m/wd/hub/session/a7943535-fd47-4506-b745-990fd7c2eef8/element/00000000-0000-021e-ffff-ffff0000006b/location[39m
[35m[HTTP][39m [90m{}[39m
[35m[W3C (a7943535)][39m Driver proxy active, passing request on via HTTP proxy
[35m[WD Proxy][39m Replacing sessionId fb42896c-085d-4018-b462-973ff1d923a1 with a7943535-fd47-4506-b745-990fd7c2eef8
[35m[HTTP][39m [37m<-- GET /wd/hub/session/a7943535-fd47-4506-b745-990fd7c2eef8/element/00000000-0000-021e-ffff-ffff0000006b/location [39m[32m200[39m [90m22 ms - 79[39m
[35m[HTTP][39m [90m[39m
[35m[HTTP][39m [37m-->[39m [37mPOST[39m [37m/wd/hub/session/a7943535-fd47-4506-b745-990fd7c2eef8/elements[39m
[35m[HTTP][39m [90m{"using":"xpath","value":"//*[@class = 'android.widget.TextView' and (@text = 'Your Bag' or . = 'Your Bag')]"}[39m
[35m[HTTP][39m [37m<-- POST /wd/hub/session/a7943535-fd47-4506-b745-990fd7c2eef8/elements [39m[32m200[39m [90m115 ms - 139[39m
[35m[HTTP][39m [90m[39m
[35m[HTTP][39m [37m-->[39m [37mGET[39m [37m/wd/hub/session/a7943535-fd47-4506-b745-990fd7c2eef8/element/00000000-0000-021e-ffff-ffff0000006b/location[39m
[35m[HTTP][39m [90m{}[39m
[35m[W3C (a7943535)][39m Driver proxy active, passing request on via HTTP proxy
[35m[WD Proxy][39m Replacing sessionId fb42896c-085d-4018-b462-973ff1d923a1 with a7943535-fd47-4506-b745-990fd7c2eef8
[35m[HTTP][39m [37m<-- GET /wd/hub/session/a7943535-fd47-4506-b745-990fd7c2eef8/element/00000000-0000-021e-ffff-ffff0000006b/location [39m[32m200[39m [90m21 ms - 79[39m
[35m[HTTP][39m [90m[39m
[35m[HTTP][39m [37m-->[39m [37mPOST[39m [37m/wd/hub/session/a7943535-fd47-4506-b745-990fd7c2eef8/elements[39m
[35m[HTTP][39m [90m{"using":"xpath","value":"//*[@class = 'android.widget.TextView' and (@text = 'Your Bag' or . = 'Your Bag')]"}[39m
[35m[HTTP][39m [37m<-- POST /wd/hub/session/a7943535-fd47-4506-b745-990fd7c2eef8/elements [39m[32m200[39m [90m120 ms - 139[39m
[35m[HTTP][39m [90m[39m
[35m[HTTP][39m [37m-->[39m [37mGET[39m [37m/wd/hub/session/a7943535-fd47-4506-b745-990fd7c2eef8/element/00000000-0000-021e-ffff-ffff0000006b/location[39m
[35m[HTTP][39m [90m{}[39m
[35m[W3C (a7943535)][39m Driver proxy active, passing request on via HTTP proxy
[35m[WD Proxy][39m Replacing sessionId fb42896c-085d-4018-b462-973ff1d923a1 with a7943535-fd47-4506-b745-990fd7c2eef8
[35m[HTTP][39m [37m<-- GET /wd/hub/session/a7943535-fd47-4506-b745-990fd7c2eef8/element/00000000-0000-021e-ffff-ffff0000006b/location [39m[32m200[39m [90m23 ms - 79[39m
[35m[HTTP][39m [90m[39m
[35m[HTTP][39m [37m-->[39m [37mPOST[39m [37m/wd/hub/session/a7943535-fd47-4506-b745-990fd7c2eef8/elements[39m
[35m[HTTP][39m [90m{"using":"xpath","value":"//*[@class = 'android.widget.TextView' and (@text = 'Your Bag' or . = 'Your Bag')]"}[39m
[35m[HTTP][39m [37m<-- POST /wd/hub/session/a7943535-fd47-4506-b745-990fd7c2eef8/elements [39m[32m200[39m [90m86 ms - 139[39m
[35m[HTTP][39m [90m[39m
[35m[HTTP][39m [37m-->[39m [37mGET[39m [37m/wd/hub/session/a7943535-fd47-4506-b745-990fd7c2eef8/element/00000000-0000-021e-ffff-ffff0000006b/location[39m
[35m[HTTP][39m [90m{}[39m
[35m[W3C (a7943535)][39m Driver proxy active, passing request on via HTTP proxy
[35m[WD Proxy][39m Replacing sessionId fb42896c-085d-4018-b462-973ff1d923a1 with a7943535-fd47-4506-b745-990fd7c2eef8
[35m[HTTP][39m [37m<-- GET /wd/hub/session/a7943535-fd47-4506-b745-990fd7c2eef8/element/00000000-0000-021e-ffff-ffff0000006b/location [39m[32m200[39m [90m25 ms - 79[39m
[35m[HTTP][39m [90m[39m
[35m[HTTP][39m [37m-->[39m [37mPOST[39m [37m/wd/hub/session/a7943535-fd47-4506-b745-990fd7c2eef8/elements[39m
[35m[HTTP][39m [90m{"using":"xpath","value":"//*[@class = 'android.widget.TextView' and (@text = 'Your Bag' or . = 'Your Bag')]"}[39m
[35m[HTTP][39m [37m<-- POST /wd/hub/session/a7943535-fd47-4506-b745-990fd7c2eef8/elements [39m[32m200[39m [90m118 ms - 139[39m
[35m[HTTP][39m [90m[39m
[35m[HTTP][39m [37m-->[39m [37mGET[39m [37m/wd/hub/session/a7943535-fd47-4506-b745-990fd7c2eef8/element/00000000-0000-021e-ffff-ffff0000006b/location[39m
[35m[HTTP][39m [90m{}[39m
[35m[W3C (a7943535)][39m Driver proxy active, passing request on via HTTP proxy
[35m[WD Proxy][39m Replacing sessionId fb42896c-085d-4018-b462-973ff1d923a1 with a7943535-fd47-4506-b745-990fd7c2eef8
[35m[HTTP][39m [37m<-- GET /wd/hub/session/a7943535-fd47-4506-b745-990fd7c2eef8/element/00000000-0000-021e-ffff-ffff0000006b/location [39m[32m200[39m [90m28 ms - 79[39m
[35m[HTTP][39m [90m[39m
[35m[HTTP][39m [37m-->[39m [37mPOST[39m [37m/wd/hub/session/a7943535-fd47-4506-b745-990fd7c2eef8/elements[39m
[35m[HTTP][39m [90m{"using":"xpath","value":"//*[@class = 'android.widget.TextView' and (@text = 'Your Bag' or . = 'Your Bag')]"}[39m
[35m[HTTP][39m [37m<-- POST /wd/hub/session/a7943535-fd47-4506-b745-990fd7c2eef8/elements [39m[32m200[39m [90m88 ms - 139[39m
[35m[HTTP][39m [90m[39m
[35m[HTTP][39m [37m-->[39m [37mGET[39m [37m/wd/hub/session/a7943535-fd47-4506-b745-990fd7c2eef8/element/00000000-0000-021e-ffff-ffff0000006b/location[39m
[35m[HTTP][39m [90m{}[39m
[35m[W3C (a7943535)][39m Driver proxy active, passing request on via HTTP proxy
[35m[WD Proxy][39m Replacing sessionId fb42896c-085d-4018-b462-973ff1d923a1 with a7943535-fd47-4506-b745-990fd7c2eef8
[35m[HTTP][39m [37m<-- GET /wd/hub/session/a7943535-fd47-4506-b745-990fd7c2eef8/element/00000000-0000-021e-ffff-ffff0000006b/location [39m[32m200[39m [90m28 ms - 79[39m
[35m[HTTP][39m [90m[39m
[35m[HTTP][39m [37m-->[39m [37mPOST[39m [37m/wd/hub/session/a7943535-fd47-4506-b745-990fd7c2eef8/elements[39m
[35m[HTTP][39m [90m{"using":"xpath","value":"//*[@class = 'android.widget.TextView' and (@text = 'Your Bag' or . = 'Your Bag')]"}[39m
[35m[HTTP][39m [37m<-- POST /wd/hub/session/a7943535-fd47-4506-b745-990fd7c2eef8/elements [39m[32m200[39m [90m135 ms - 139[39m
[35m[HTTP][39m [90m[39m
[35m[HTTP][39m [37m-->[39m [37mGET[39m [37m/wd/hub/session/a7943535-fd47-4506-b745-990fd7c2eef8/element/00000000-0000-021e-ffff-ffff0000006b/location[39m
[35m[HTTP][39m [90m{}[39m
[35m[W3C (a7943535)][39m Driver proxy active, passing request on via HTTP proxy
[35m[WD Proxy][39m Replacing sessionId fb42896c-085d-4018-b462-973ff1d923a1 with a7943535-fd47-4506-b745-990fd7c2eef8
[35m[HTTP][39m [37m<-- GET /wd/hub/session/a7943535-fd47-4506-b745-990fd7c2eef8/element/00000000-0000-021e-ffff-ffff0000006b/location [39m[32m200[39m [90m22 ms - 79[39m
[35m[HTTP][39m [90m[39m
[35m[HTTP][39m [37m-->[39m [37mPOST[39m [37m/wd/hub/session/a7943535-fd47-4506-b745-990fd7c2eef8/elements[39m
[35m[HTTP][39m [90m{"using":"xpath","value":"//*[@class = 'android.widget.TextView' and (@text = 'Your Bag' or . = 'Your Bag')]"}[39m
[35m[HTTP][39m [37m<-- POST /wd/hub/session/a7943535-fd47-4506-b745-990fd7c2eef8/elements [39m[32m200[39m [90m123 ms - 139[39m
[35m[HTTP][39m [90m[39m
[35m[HTTP][39m [37m-->[39m [37mGET[39m [37m/wd/hub/session/a7943535-fd47-4506-b745-990fd7c2eef8/element/00000000-0000-021e-ffff-ffff0000006b/location[39m
[35m[HTTP][39m [90m{}[39m
[35m[W3C (a7943535)][39m Driver proxy active, passing request on via HTTP proxy
[35m[WD Proxy][39m Replacing sessionId fb42896c-085d-4018-b462-973ff1d923a1 with a7943535-fd47-4506-b745-990fd7c2eef8
[35m[HTTP][39m [37m<-- GET /wd/hub/session/a7943535-fd47-4506-b745-990fd7c2eef8/element/00000000-0000-021e-ffff-ffff0000006b/location [39m[32m200[39m [90m27 ms - 79[39m
[35m[HTTP][39m [90m[39m
[35m[HTTP][39m [37m-->[39m [37mPOST[39m [37m/wd/hub/session/a7943535-fd47-4506-b745-990fd7c2eef8/elements[39m
[35m[HTTP][39m [90m{"using":"xpath","value":"//*[@class = 'android.widget.TextView' and (@text = 'Your Bag' or . = 'Your Bag')]"}[39m
[35m[HTTP][39m [37m<-- POST /wd/hub/session/a7943535-fd47-4506-b745-990fd7c2eef8/elements [39m[32m200[39m [90m156 ms - 139[39m
[35m[HTTP][39m [90m[39m
[35m[HTTP][39m [37m-->[39m [37mGET[39m [37m/wd/hub/session/a7943535-fd47-4506-b745-990fd7c2eef8/element/00000000-0000-021e-ffff-ffff0000006b/location[39m
[35m[HTTP][39m [90m{}[39m
[35m[W3C (a7943535)][39m Driver proxy active, passing request on via HTTP proxy
[35m[WD Proxy][39m Replacing sessionId fb42896c-085d-4018-b462-973ff1d923a1 with a7943535-fd47-4506-b745-990fd7c2eef8
[35m[HTTP][39m [37m<-- GET /wd/hub/session/a7943535-fd47-4506-b745-990fd7c2eef8/element/00000000-0000-021e-ffff-ffff0000006b/location [39m[32m200[39m [90m24 ms - 79[39m
[35m[HTTP][39m [90m[39m
[35m[HTTP][39m [37m-->[39m [37mPOST[39m [37m/wd/hub/session/a7943535-fd47-4506-b745-990fd7c2eef8/elements[39m
[35m[HTTP][39m [90m{"using":"xpath","value":"//*[@class = 'android.widget.TextView' and (@text = 'Your Bag' or . = 'Your Bag')]"}[39m
[35m[HTTP][39m [37m<-- POST /wd/hub/session/a7943535-fd47-4506-b745-990fd7c2eef8/elements [39m[32m200[39m [90m124 ms - 139[39m
[35m[HTTP][39m [90m[39m
[35m[HTTP][39m [37m-->[39m [37mGET[39m [37m/wd/hub/session/a7943535-fd47-4506-b745-990fd7c2eef8/element/00000000-0000-021e-ffff-ffff0000006b/location[39m
[35m[HTTP][39m [90m{}[39m
[35m[W3C (a7943535)][39m Driver proxy active, passing request on via HTTP proxy
[35m[WD Proxy][39m Replacing sessionId fb42896c-085d-4018-b462-973ff1d923a1 with a7943535-fd47-4506-b745-990fd7c2eef8
[35m[HTTP][39m [37m<-- GET /wd/hub/session/a7943535-fd47-4506-b745-990fd7c2eef8/element/00000000-0000-021e-ffff-ffff0000006b/location [39m[32m200[39m [90m35 ms - 79[39m
[35m[HTTP][39m [90m[39m
[35m[HTTP][39m [37m-->[39m [37mPOST[39m [37m/wd/hub/session/a7943535-fd47-4506-b745-990fd7c2eef8/elements[39m
[35m[HTTP][39m [90m{"using":"xpath","value":"//*[@class = 'android.widget.TextView' and (@text = 'Your Bag' or . = 'Your Bag')]"}[39m
[35m[HTTP][39m [37m<-- POST /wd/hub/session/a7943535-fd47-4506-b745-990fd7c2eef8/elements [39m[32m200[39m [90m124 ms - 139[39m
[35m[HTTP][39m [90m[39m
[35m[HTTP][39m [37m-->[39m [37mGET[39m [37m/wd/hub/session/a7943535-fd47-4506-b745-990fd7c2eef8/element/00000000-0000-021e-ffff-ffff0000006b/location[39m
[35m[HTTP][39m [90m{}[39m
[35m[W3C (a7943535)][39m Driver proxy active, passing request on via HTTP proxy
[35m[WD Proxy][39m Replacing sessionId fb42896c-085d-4018-b462-973ff1d923a1 with a7943535-fd47-4506-b745-990fd7c2eef8
[35m[HTTP][39m [37m<-- GET /wd/hub/session/a7943535-fd47-4506-b745-990fd7c2eef8/element/00000000-0000-021e-ffff-ffff0000006b/location [39m[32m200[39m [90m62 ms - 79[39m
[35m[HTTP][39m [90m[39m
[35m[HTTP][39m [37m-->[39m [37mPOST[39m [37m/wd/hub/session/a7943535-fd47-4506-b745-990fd7c2eef8/elements[39m
[35m[HTTP][39m [90m{"using":"xpath","value":"//*[@class = 'android.widget.TextView' and (@text = 'Your Bag' or . = 'Your Bag')]"}[39m
[35m[HTTP][39m [37m<-- POST /wd/hub/session/a7943535-fd47-4506-b745-990fd7c2eef8/elements [39m[32m200[39m [90m133 ms - 139[39m
[35m[HTTP][39m [90m[39m
[35m[HTTP][39m [37m-->[39m [37mGET[39m [37m/wd/hub/session/a7943535-fd47-4506-b745-990fd7c2eef8/element/00000000-0000-021e-ffff-ffff0000006b/location[39m
[35m[HTTP][39m [90m{}[39m
[35m[W3C (a7943535)][39m Driver proxy active, passing request on via HTTP proxy
[35m[WD Proxy][39m Replacing sessionId fb42896c-085d-4018-b462-973ff1d923a1 with a7943535-fd47-4506-b745-990fd7c2eef8
[35m[HTTP][39m [37m<-- GET /wd/hub/session/a7943535-fd47-4506-b745-990fd7c2eef8/element/00000000-0000-021e-ffff-ffff0000006b/location [39m[32m200[39m [90m595 ms - 79[39m
[35m[HTTP][39m [90m[39m
[35m[HTTP][39m [37m-->[39m [37mPOST[39m [37m/wd/hub/session/a7943535-fd47-4506-b745-990fd7c2eef8/elements[39m
[35m[HTTP][39m [90m{"using":"xpath","value":"//*[@class = 'android.widget.TextView' and (@text = 'Your Bag' or . = 'Your Bag')]"}[39m
[35m[HTTP][39m [37m<-- POST /wd/hub/session/a7943535-fd47-4506-b745-990fd7c2eef8/elements [39m[32m200[39m [90m142 ms - 139[39m
[35m[HTTP][39m [90m[39m
[35m[HTTP][39m [37m-->[39m [37mGET[39m [37m/wd/hub/session/a7943535-fd47-4506-b745-990fd7c2eef8/element/00000000-0000-021e-ffff-ffff0000006b/location[39m
[35m[HTTP][39m [90m{}[39m
[35m[W3C (a7943535)][39m Driver proxy active, passing request on via HTTP proxy
[35m[WD Proxy][39m Replacing sessionId fb42896c-085d-4018-b462-973ff1d923a1 with a7943535-fd47-4506-b745-990fd7c2eef8
[35m[HTTP][39m [37m<-- GET /wd/hub/session/a7943535-fd47-4506-b745-990fd7c2eef8/element/00000000-0000-021e-ffff-ffff0000006b/location [39m[32m200[39m [90m23 ms - 79[39m
[35m[HTTP][39m [90m[39m
[35m[HTTP][39m [37m-->[39m [37mPOST[39m [37m/wd/hub/session/a7943535-fd47-4506-b745-990fd7c2eef8/elements[39m
[35m[HTTP][39m [90m{"using":"xpath","value":"//*[@class = 'android.widget.TextView' and (@text = 'Your Bag' or . = 'Your Bag')]"}[39m
[35m[HTTP][39m [37m<-- POST /wd/hub/session/a7943535-fd47-4506-b745-990fd7c2eef8/elements [39m[32m200[39m [90m92 ms - 139[39m
[35m[HTTP][39m [90m[39m
[35m[HTTP][39m [37m-->[39m [37mGET[39m [37m/wd/hub/session/a7943535-fd47-4506-b745-990fd7c2eef8/element/00000000-0000-021e-ffff-ffff0000006b/location[39m
[35m[HTTP][39m [90m{}[39m
[35m[W3C (a7943535)][39m Driver proxy active, passing request on via HTTP proxy
[35m[WD Proxy][39m Replacing sessionId fb42896c-085d-4018-b462-973ff1d923a1 with a7943535-fd47-4506-b745-990fd7c2eef8
[35m[HTTP][39m [37m<-- GET /wd/hub/session/a7943535-fd47-4506-b745-990fd7c2eef8/element/00000000-0000-021e-ffff-ffff0000006b/location [39m[32m200[39m [90m26 ms - 79[39m
[35m[HTTP][39m [90m[39m
[35m[HTTP][39m [37m-->[39m [37mPOST[39m [37m/wd/hub/session/a7943535-fd47-4506-b745-990fd7c2eef8/elements[39m
[35m[HTTP][39m [90m{"using":"xpath","value":"//*[@class = 'android.widget.TextView' and (@text = 'Your Bag' or . = 'Your Bag')]"}[39m
[35m[HTTP][39m [37m<-- POST /wd/hub/session/a7943535-fd47-4506-b745-990fd7c2eef8/elements [39m[32m200[39m [90m123 ms - 139[39m
[35m[HTTP][39m [90m[39m
[35m[HTTP][39m [37m-->[39m [37mGET[39m [37m/wd/hub/session/a7943535-fd47-4506-b745-990fd7c2eef8/element/00000000-0000-021e-ffff-ffff0000006b/location[39m
[35m[HTTP][39m [90m{}[39m
[35m[W3C (a7943535)][39m Driver proxy active, passing request on via HTTP proxy
[35m[WD Proxy][39m Replacing sessionId fb42896c-085d-4018-b462-973ff1d923a1 with a7943535-fd47-4506-b745-990fd7c2eef8
[35m[HTTP][39m [37m<-- GET /wd/hub/session/a7943535-fd47-4506-b745-990fd7c2eef8/element/00000000-0000-021e-ffff-ffff0000006b/location [39m[32m200[39m [90m19 ms - 79[39m
[35m[HTTP][39m [90m[39m
[35m[HTTP][39m [37m-->[39m [37mPOST[39m [37m/wd/hub/session/a7943535-fd47-4506-b745-990fd7c2eef8/elements[39m
[35m[HTTP][39m [90m{"using":"xpath","value":"//*[@class = 'android.widget.TextView' and (@text = 'Your Bag' or . = 'Your Bag')]"}[39m
[35m[HTTP][39m [37m<-- POST /wd/hub/session/a7943535-fd47-4506-b745-990fd7c2eef8/elements [39m[32m200[39m [90m106 ms - 139[39m
[35m[HTTP][39m [90m[39m
[35m[HTTP][39m [37m-->[39m [37mGET[39m [37m/wd/hub/session/a7943535-fd47-4506-b745-990fd7c2eef8/element/00000000-0000-021e-ffff-ffff0000006b/location[39m
[35m[HTTP][39m [90m{}[39m
[35m[W3C (a7943535)][39m Driver proxy active, passing request on via HTTP proxy
[35m[WD Proxy][39m Replacing sessionId fb42896c-085d-4018-b462-973ff1d923a1 with a7943535-fd47-4506-b745-990fd7c2eef8
[35m[HTTP][39m [37m<-- GET /wd/hub/session/a7943535-fd47-4506-b745-990fd7c2eef8/element/00000000-0000-021e-ffff-ffff0000006b/location [39m[32m200[39m [90m31 ms - 79[39m
[35m[HTTP][39m [90m[39m
[35m[HTTP][39m [37m-->[39m [37mPOST[39m [37m/wd/hub/session/a7943535-fd47-4506-b745-990fd7c2eef8/elements[39m
[35m[HTTP][39m [90m{"using":"xpath","value":"//*[@class = 'android.widget.TextView' and (@text = 'Your Bag' or . = 'Your Bag')]"}[39m
[35m[HTTP][39m [37m<-- POST /wd/hub/session/a7943535-fd47-4506-b745-990fd7c2eef8/elements [39m[32m200[39m [90m99 ms - 139[39m
[35m[HTTP][39m [90m[39m
[35m[HTTP][39m [37m-->[39m [37mGET[39m [37m/wd/hub/session/a7943535-fd47-4506-b745-990fd7c2eef8/element/00000000-0000-021e-ffff-ffff0000006b/location[39m
[35m[HTTP][39m [90m{}[39m
[35m[W3C (a7943535)][39m Driver proxy active, passing request on via HTTP proxy
[35m[WD Proxy][39m Replacing sessionId fb42896c-085d-4018-b462-973ff1d923a1 with a7943535-fd47-4506-b745-990fd7c2eef8
[35m[HTTP][39m [37m<-- GET /wd/hub/session/a7943535-fd47-4506-b745-990fd7c2eef8/element/00000000-0000-021e-ffff-ffff0000006b/location [39m[32m200[39m [90m25 ms - 79[39m
[35m[HTTP][39m [90m[39m
[35m[HTTP][39m [37m-->[39m [37mPOST[39m [37m/wd/hub/session/a7943535-fd47-4506-b745-990fd7c2eef8/elements[39m
[35m[HTTP][39m [90m{"using":"xpath","value":"//*[@class = 'android.widget.TextView' and (@text = 'Your Bag' or . = 'Your Bag')]"}[39m
[35m[HTTP][39m [37m<-- POST /wd/hub/session/a7943535-fd47-4506-b745-990fd7c2eef8/elements [39m[32m200[39m [90m115 ms - 139[39m
[35m[HTTP][39m [90m[39m
[35m[HTTP][39m [37m-->[39m [37mGET[39m [37m/wd/hub/session/a7943535-fd47-4506-b745-990fd7c2eef8/element/00000000-0000-021e-ffff-ffff0000006b/location[39m
[35m[HTTP][39m [90m{}[39m
[35m[W3C (a7943535)][39m Driver proxy active, passing request on via HTTP proxy
[35m[WD Proxy][39m Replacing sessionId fb42896c-085d-4018-b462-973ff1d923a1 with a7943535-fd47-4506-b745-990fd7c2eef8
[35m[HTTP][39m [37m<-- GET /wd/hub/session/a7943535-fd47-4506-b745-990fd7c2eef8/element/00000000-0000-021e-ffff-ffff0000006b/location [39m[32m200[39m [90m23 ms - 79[39m
[35m[HTTP][39m [90m[39m
[35m[HTTP][39m [37m-->[39m [37mPOST[39m [37m/wd/hub/session/a7943535-fd47-4506-b745-990fd7c2eef8/elements[39m
[35m[HTTP][39m [90m{"using":"xpath","value":"//*[@class = 'android.widget.TextView' and (@text = 'Your Bag' or . = 'Your Bag')]"}[39m
[35m[HTTP][39m [37m<-- POST /wd/hub/session/a7943535-fd47-4506-b745-990fd7c2eef8/elements [39m[32m200[39m [90m129 ms - 139[39m
[35m[HTTP][39m [90m[39m
[35m[HTTP][39m [37m-->[39m [37mGET[39m [37m/wd/hub/session/a7943535-fd47-4506-b745-990fd7c2eef8/element/00000000-0000-021e-ffff-ffff0000006b/location[39m
[35m[HTTP][39m [90m{}[39m
[35m[W3C (a7943535)][39m Driver proxy active, passing request on via HTTP proxy
[35m[WD Proxy][39m Replacing sessionId fb42896c-085d-4018-b462-973ff1d923a1 with a7943535-fd47-4506-b745-990fd7c2eef8
[35m[HTTP][39m [37m<-- GET /wd/hub/session/a7943535-fd47-4506-b745-990fd7c2eef8/element/00000000-0000-021e-ffff-ffff0000006b/location [39m[32m200[39m [90m21 ms - 79[39m
[35m[HTTP][39m [90m[39m
[35m[HTTP][39m [37m-->[39m [37mPOST[39m [37m/wd/hub/session/a7943535-fd47-4506-b745-990fd7c2eef8/elements[39m
[35m[HTTP][39m [90m{"using":"xpath","value":"//*[@class = 'android.widget.TextView' and (@text = 'Your Bag' or . = 'Your Bag')]"}[39m
[35m[HTTP][39m [37m<-- POST /wd/hub/session/a7943535-fd47-4506-b745-990fd7c2eef8/elements [39m[32m200[39m [90m91 ms - 139[39m
[35m[HTTP][39m [90m[39m
[35m[HTTP][39m [37m-->[39m [37mGET[39m [37m/wd/hub/session/a7943535-fd47-4506-b745-990fd7c2eef8/element/00000000-0000-021e-ffff-ffff0000006b/location[39m
[35m[HTTP][39m [90m{}[39m
[35m[W3C (a7943535)][39m Driver proxy active, passing request on via HTTP proxy
[35m[WD Proxy][39m Replacing sessionId fb42896c-085d-4018-b462-973ff1d923a1 with a7943535-fd47-4506-b745-990fd7c2eef8
[35m[HTTP][39m [37m<-- GET /wd/hub/session/a7943535-fd47-4506-b745-990fd7c2eef8/element/00000000-0000-021e-ffff-ffff0000006b/location [39m[32m200[39m [90m30 ms - 79[39m
[35m[HTTP][39m [90m[39m
[35m[HTTP][39m [37m-->[39m [37mPOST[39m [37m/wd/hub/session/a7943535-fd47-4506-b745-990fd7c2eef8/elements[39m
[35m[HTTP][39m [90m{"using":"xpath","value":"//*[@class = 'android.widget.TextView' and (@text = 'Your Bag' or . = 'Your Bag')]"}[39m
[35m[HTTP][39m [37m<-- POST /wd/hub/session/a7943535-fd47-4506-b745-990fd7c2eef8/elements [39m[32m200[39m [90m119 ms - 139[39m
[35m[HTTP][39m [90m[39m
[35m[HTTP][39m [37m-->[39m [37mGET[39m [37m/wd/hub/session/a7943535-fd47-4506-b745-990fd7c2eef8/element/00000000-0000-021e-ffff-ffff0000006b/location[39m
[35m[HTTP][39m [90m{}[39m
[35m[W3C (a7943535)][39m Driver proxy active, passing request on via HTTP proxy
[35m[WD Proxy][39m Replacing sessionId fb42896c-085d-4018-b462-973ff1d923a1 with a7943535-fd47-4506-b745-990fd7c2eef8
[35m[HTTP][39m [37m<-- GET /wd/hub/session/a7943535-fd47-4506-b745-990fd7c2eef8/element/00000000-0000-021e-ffff-ffff0000006b/location [39m[32m200[39m [90m21 ms - 79[39m
[35m[HTTP][39m [90m[39m
[35m[HTTP][39m [37m-->[39m [37mPOST[39m [37m/wd/hub/session/a7943535-fd47-4506-b745-990fd7c2eef8/elements[39m
[35m[HTTP][39m [90m{"using":"xpath","value":"//*[@class = 'android.widget.TextView' and (@text = 'Your Bag' or . = 'Your Bag')]"}[39m
[35m[HTTP][39m [37m<-- POST /wd/hub/session/a7943535-fd47-4506-b745-990fd7c2eef8/elements [39m[32m200[39m [90m114 ms - 139[39m
[35m[HTTP][39m [90m[39m
[35m[HTTP][39m [37m-->[39m [37mGET[39m [37m/wd/hub/session/a7943535-fd47-4506-b745-990fd7c2eef8/element/00000000-0000-021e-ffff-ffff0000006b/location[39m
[35m[HTTP][39m [90m{}[39m
[35m[W3C (a7943535)][39m Driver proxy active, passing request on via HTTP proxy
[35m[WD Proxy][39m Replacing sessionId fb42896c-085d-4018-b462-973ff1d923a1 with a7943535-fd47-4506-b745-990fd7c2eef8
[35m[HTTP][39m [37m<-- GET /wd/hub/session/a7943535-fd47-4506-b745-990fd7c2eef8/element/00000000-0000-021e-ffff-ffff0000006b/location [39m[32m200[39m [90m25 ms - 79[39m
[35m[HTTP][39m [90m[39m
[35m[HTTP][39m [37m-->[39m [37mPOST[39m [37m/wd/hub/session/a7943535-fd47-4506-b745-990fd7c2eef8/elements[39m
[35m[HTTP][39m [90m{"using":"xpath","value":"//*[@class = 'android.widget.TextView' and (@text = 'Your Bag' or . = 'Your Bag')]"}[39m
[35m[HTTP][39m [37m<-- POST /wd/hub/session/a7943535-fd47-4506-b745-990fd7c2eef8/elements [39m[32m200[39m [90m117 ms - 139[39m
[35m[HTTP][39m [90m[39m
[35m[HTTP][39m [37m-->[39m [37mGET[39m [37m/wd/hub/session/a7943535-fd47-4506-b745-990fd7c2eef8/element/00000000-0000-021e-ffff-ffff0000006b/location[39m
[35m[HTTP][39m [90m{}[39m
[35m[W3C (a7943535)][39m Driver proxy active, passing request on via HTTP proxy
[35m[WD Proxy][39m Replacing sessionId fb42896c-085d-4018-b462-973ff1d923a1 with a7943535-fd47-4506-b745-990fd7c2eef8
[35m[HTTP][39m [37m<-- GET /wd/hub/session/a7943535-fd47-4506-b745-990fd7c2eef8/element/00000000-0000-021e-ffff-ffff0000006b/location [39m[32m200[39m [90m24 ms - 79[39m
[35m[HTTP][39m [90m[39m
[35m[HTTP][39m [37m-->[39m [37mPOST[39m [37m/wd/hub/session/a7943535-fd47-4506-b745-990fd7c2eef8/elements[39m
[35m[HTTP][39m [90m{"using":"xpath","value":"//*[@class = 'android.widget.TextView' and (@text = 'Your Bag' or . = 'Your Bag')]"}[39m
[35m[HTTP][39m [37m<-- POST /wd/hub/session/a7943535-fd47-4506-b745-990fd7c2eef8/elements [39m[32m200[39m [90m110 ms - 139[39m
[35m[HTTP][39m [90m[39m
[35m[HTTP][39m [37m-->[39m [37mGET[39m [37m/wd/hub/session/a7943535-fd47-4506-b745-990fd7c2eef8/element/00000000-0000-021e-ffff-ffff0000006b/location[39m
[35m[HTTP][39m [90m{}[39m
[35m[W3C (a7943535)][39m Driver proxy active, passing request on via HTTP proxy
[35m[WD Proxy][39m Replacing sessionId fb42896c-085d-4018-b462-973ff1d923a1 with a7943535-fd47-4506-b745-990fd7c2eef8
[35m[HTTP][39m [37m<-- GET /wd/hub/session/a7943535-fd47-4506-b745-990fd7c2eef8/element/00000000-0000-021e-ffff-ffff0000006b/location [39m[32m200[39m [90m34 ms - 79[39m
[35m[HTTP][39m [90m[39m
[35m[HTTP][39m [37m-->[39m [37mPOST[39m [37m/wd/hub/session/a7943535-fd47-4506-b745-990fd7c2eef8/elements[39m
[35m[HTTP][39m [90m{"using":"xpath","value":"//*[@class = 'android.widget.TextView' and (@text = 'Your Bag' or . = 'Your Bag')]"}[39m
[35m[HTTP][39m [37m<-- POST /wd/hub/session/a7943535-fd47-4506-b745-990fd7c2eef8/elements [39m[32m200[39m [90m137 ms - 139[39m
[35m[HTTP][39m [90m[39m
[35m[HTTP][39m [37m-->[39m [37mGET[39m [37m/wd/hub/session/a7943535-fd47-4506-b745-990fd7c2eef8/element/00000000-0000-021e-ffff-ffff0000006b/location[39m
[35m[HTTP][39m [90m{}[39m
[35m[W3C (a7943535)][39m Driver proxy active, passing request on via HTTP proxy
[35m[WD Proxy][39m Replacing sessionId fb42896c-085d-4018-b462-973ff1d923a1 with a7943535-fd47-4506-b745-990fd7c2eef8
[35m[HTTP][39m [37m<-- GET /wd/hub/session/a7943535-fd47-4506-b745-990fd7c2eef8/element/00000000-0000-021e-ffff-ffff0000006b/location [39m[32m200[39m [90m21 ms - 79[39m
[35m[HTTP][39m [90m[39m
[35m[HTTP][39m [37m-->[39m [37mPOST[39m [37m/wd/hub/session/a7943535-fd47-4506-b745-990fd7c2eef8/elements[39m
[35m[HTTP][39m [90m{"using":"xpath","value":"//*[@class = 'android.widget.TextView' and (@text = 'Your Bag' or . = 'Your Bag')]"}[39m
[35m[HTTP][39m [37m<-- POST /wd/hub/session/a7943535-fd47-4506-b745-990fd7c2eef8/elements [39m[32m200[39m [90m72 ms - 139[39m
[35m[HTTP][39m [90m[39m
[35m[HTTP][39m [37m-->[39m [37mGET[39m [37m/wd/hub/session/a7943535-fd47-4506-b745-990fd7c2eef8/element/00000000-0000-021e-ffff-ffff0000006b/location[39m
[35m[HTTP][39m [90m{}[39m
[35m[W3C (a7943535)][39m Driver proxy active, passing request on via HTTP proxy
[35m[WD Proxy][39m Replacing sessionId fb42896c-085d-4018-b462-973ff1d923a1 with a7943535-fd47-4506-b745-990fd7c2eef8
[35m[HTTP][39m [37m<-- GET /wd/hub/session/a7943535-fd47-4506-b745-990fd7c2eef8/element/00000000-0000-021e-ffff-ffff0000006b/location [39m[32m200[39m [90m21 ms - 79[39m
[35m[HTTP][39m [90m[39m
[35m[HTTP][39m [37m-->[39m [37mPOST[39m [37m/wd/hub/session/a7943535-fd47-4506-b745-990fd7c2eef8/elements[39m
[35m[HTTP][39m [90m{"using":"xpath","value":"//*[@class = 'android.widget.TextView' and (@text = 'Your Bag' or . = 'Your Bag')]"}[39m
[35m[HTTP][39m [37m<-- POST /wd/hub/session/a7943535-fd47-4506-b745-990fd7c2eef8/elements [39m[32m200[39m [90m98 ms - 139[39m
[35m[HTTP][39m [90m[39m
[35m[HTTP][39m [37m-->[39m [37mGET[39m [37m/wd/hub/session/a7943535-fd47-4506-b745-990fd7c2eef8/element/00000000-0000-021e-ffff-ffff0000006b/location[39m
[35m[HTTP][39m [90m{}[39m
[35m[W3C (a7943535)][39m Driver proxy active, passing request on via HTTP proxy
[35m[WD Proxy][39m Replacing sessionId fb42896c-085d-4018-b462-973ff1d923a1 with a7943535-fd47-4506-b745-990fd7c2eef8
[35m[HTTP][39m [37m<-- GET /wd/hub/session/a7943535-fd47-4506-b745-990fd7c2eef8/element/00000000-0000-021e-ffff-ffff0000006b/location [39m[32m200[39m [90m25 ms - 79[39m
[35m[HTTP][39m [90m[39m
[35m[HTTP][39m [37m-->[39m [37mPOST[39m [37m/wd/hub/session/a7943535-fd47-4506-b745-990fd7c2eef8/elements[39m
[35m[HTTP][39m [90m{"using":"xpath","value":"//*[@class = 'android.widget.TextView' and (@text = 'Your Bag' or . = 'Your Bag')]"}[39m
[35m[HTTP][39m [37m<-- POST /wd/hub/session/a7943535-fd47-4506-b745-990fd7c2eef8/elements [39m[32m200[39m [90m95 ms - 139[39m
[35m[HTTP][39m [90m[39m
[35m[HTTP][39m [37m-->[39m [37mGET[39m [37m/wd/hub/session/a7943535-fd47-4506-b745-990fd7c2eef8/element/00000000-0000-021e-ffff-ffff0000006b/location[39m
[35m[HTTP][39m [90m{}[39m
[35m[W3C (a7943535)][39m Driver proxy active, passing request on via HTTP proxy
[35m[WD Proxy][39m Replacing sessionId fb42896c-085d-4018-b462-973ff1d923a1 with a7943535-fd47-4506-b745-990fd7c2eef8
[35m[HTTP][39m [37m<-- GET /wd/hub/session/a7943535-fd47-4506-b745-990fd7c2eef8/element/00000000-0000-021e-ffff-ffff0000006b/location [39m[32m200[39m [90m23 ms - 79[39m
[35m[HTTP][39m [90m[39m
[35m[HTTP][39m [37m-->[39m [37mPOST[39m [37m/wd/hub/session/a7943535-fd47-4506-b745-990fd7c2eef8/elements[39m
[35m[HTTP][39m [90m{"using":"xpath","value":"//*[@class = 'android.widget.TextView' and (@text = 'Your Bag' or . = 'Your Bag')]"}[39m
[35m[HTTP][39m [37m<-- POST /wd/hub/session/a7943535-fd47-4506-b745-990fd7c2eef8/elements [39m[32m200[39m [90m110 ms - 139[39m
[35m[HTTP][39m [90m[39m
[35m[HTTP][39m [37m-->[39m [37mGET[39m [37m/wd/hub/session/a7943535-fd47-4506-b745-990fd7c2eef8/element/00000000-0000-021e-ffff-ffff0000006b/location[39m
[35m[HTTP][39m [90m{}[39m
[35m[W3C (a7943535)][39m Driver proxy active, passing request on via HTTP proxy
[35m[WD Proxy][39m Replacing sessionId fb42896c-085d-4018-b462-973ff1d923a1 with a7943535-fd47-4506-b745-990fd7c2eef8
[35m[HTTP][39m [37m<-- GET /wd/hub/session/a7943535-fd47-4506-b745-990fd7c2eef8/element/00000000-0000-021e-ffff-ffff0000006b/location [39m[32m200[39m [90m22 ms - 79[39m
[35m[HTTP][39m [90m[39m
[35m[HTTP][39m [37m-->[39m [37mPOST[39m [37m/wd/hub/session/a7943535-fd47-4506-b745-990fd7c2eef8/elements[39m
[35m[HTTP][39m [90m{"using":"xpath","value":"//*[@class = 'android.widget.TextView' and (@text = 'Your Bag' or . = 'Your Bag')]"}[39m
[35m[HTTP][39m [37m<-- POST /wd/hub/session/a7943535-fd47-4506-b745-990fd7c2eef8/elements [39m[32m200[39m [90m120 ms - 139[39m
[35m[HTTP][39m [90m[39m
[35m[HTTP][39m [37m-->[39m [37mGET[39m [37m/wd/hub/session/a7943535-fd47-4506-b745-990fd7c2eef8/element/00000000-0000-021e-ffff-ffff0000006b/location[39m
[35m[HTTP][39m [90m{}[39m
[35m[W3C (a7943535)][39m Driver proxy active, passing request on via HTTP proxy
[35m[WD Proxy][39m Replacing sessionId fb42896c-085d-4018-b462-973ff1d923a1 with a7943535-fd47-4506-b745-990fd7c2eef8
[35m[HTTP][39m [37m<-- GET /wd/hub/session/a7943535-fd47-4506-b745-990fd7c2eef8/element/00000000-0000-021e-ffff-ffff0000006b/location [39m[32m200[39m [90m22 ms - 79[39m
[35m[HTTP][39m [90m[39m
[35m[HTTP][39m [37m-->[39m [37mPOST[39m [37m/wd/hub/session/a7943535-fd47-4506-b745-990fd7c2eef8/elements[39m
[35m[HTTP][39m [90m{"using":"xpath","value":"//*[@class = 'android.widget.TextView' and (@text = 'Your Bag' or . = 'Your Bag')]"}[39m
[35m[HTTP][39m [37m<-- POST /wd/hub/session/a7943535-fd47-4506-b745-990fd7c2eef8/elements [39m[32m200[39m [90m112 ms - 139[39m
[35m[HTTP][39m [90m[39m
[35m[HTTP][39m [37m-->[39m [37mGET[39m [37m/wd/hub/session/a7943535-fd47-4506-b745-990fd7c2eef8/element/00000000-0000-021e-ffff-ffff0000006b/location[39m
[35m[HTTP][39m [90m{}[39m
[35m[W3C (a7943535)][39m Driver proxy active, passing request on via HTTP proxy
[35m[WD Proxy][39m Replacing sessionId fb42896c-085d-4018-b462-973ff1d923a1 with a7943535-fd47-4506-b745-990fd7c2eef8
[35m[HTTP][39m [37m<-- GET /wd/hub/session/a7943535-fd47-4506-b745-990fd7c2eef8/element/00000000-0000-021e-ffff-ffff0000006b/location [39m[32m200[39m [90m30 ms - 79[39m
[35m[HTTP][39m [90m[39m
[35m[HTTP][39m [37m-->[39m [37mPOST[39m [37m/wd/hub/session/a7943535-fd47-4506-b745-990fd7c2eef8/element/00000000-0000-021e-ffff-ffff0000006b/click[39m
[35m[HTTP][39m [90m{"id":"00000000-0000-021e-ffff-ffff0000006b"}[39m
[35m[HTTP][39m [37m<-- POST /wd/hub/session/a7943535-fd47-4506-b745-990fd7c2eef8/element/00000000-0000-021e-ffff-ffff0000006b/click [39m[32m200[39m [90m62 ms - 14[39m
[35m[HTTP][39m [90m[39m
[35m[HTTP][39m [37m-->[39m [37mGET[39m [37m/wd/hub/session/a7943535-fd47-4506-b745-990fd7c2eef8/source[39m
[35m[HTTP][39m [90m{}[39m
[35m[W3C (a7943535)][39m Driver proxy active, passing request on via HTTP proxy
[35m[WD Proxy][39m Replacing sessionId fb42896c-085d-4018-b462-973ff1d923a1 with a7943535-fd47-4506-b745-990fd7c2eef8
[35m[HTTP][39m [37m<-- GET /wd/hub/session/a7943535-fd47-4506-b745-990fd7c2eef8/source [39m[32m200[39m [90m693 ms - 25384[39m
[35m[HTTP][39m [90m[39m
[35m[HTTP][39m [37m-->[39m [37mGET[39m [37m/wd/hub/session/a7943535-fd47-4506-b745-990fd7c2eef8/screenshot[39m
[35m[HTTP][39m [90m{}[39m
[35m[HTTP][39m [37m<-- GET /wd/hub/session/a7943535-fd47-4506-b745-990fd7c2eef8/screenshot [39m[32m200[39m [90m463 ms - 81404[39m
[35m[HTTP][39m [90m[39m
[35m[HTTP][39m [37m-->[39m [37mPOST[39m [37m/wd/hub/session/a7943535-fd47-4506-b745-990fd7c2eef8/elements[39m
[35m[HTTP][39m [90m{"using":"xpath","value":"//*[@class = 'android.view.ViewGroup' and (@text = '' or . = '')]"}[39m
[35m[HTTP][39m [37m<-- POST /wd/hub/session/a7943535-fd47-4506-b745-990fd7c2eef8/elements [39m[32m200[39m [90m159 ms - 3723[39m
[35m[HTTP][39m [90m[39m
[35m[HTTP][39m [37m-->[39m [37mPOST[39m [37m/wd/hub/session/a7943535-fd47-4506-b745-990fd7c2eef8/elements[39m
[35m[HTTP][39m [90m{"using":"-android uiautomator","value":"new UiSelector().className(\"android.view.ViewGroup\")"}[39m
[35m[HTTP][39m [37m<-- POST /wd/hub/session/a7943535-fd47-4506-b745-990fd7c2eef8/elements [39m[32m200[39m [90m369 ms - 3723[39m
[35m[HTTP][39m [90m[39m
[35m[HTTP][39m [37m-->[39m [37mGET[39m [37m/wd/hub/session/a7943535-fd47-4506-b745-990fd7c2eef8/window/rect[39m
[35m[HTTP][39m [90m{}[39m
[35m[HTTP][39m [37m<-- GET /wd/hub/session/a7943535-fd47-4506-b745-990fd7c2eef8/window/rect [39m[32m200[39m [90m25 ms - 49[39m
[35m[HTTP][39m [90m[39m
[35m[HTTP][39m [37m-->[39m [37mPOST[39m [37m/wd/hub/session/a7943535-fd47-4506-b745-990fd7c2eef8/elements[39m
[35m[HTTP][39m [90m{"using":"xpath","value":"//hierarchy/android.widget.FrameLayout[1]/android.widget.LinearLayout[1]/android.widget.FrameLayout[1]/android.widget.LinearLayout[1]/android.widget.FrameLayout[1]/android.widget.FrameLayout[1]/android.view.ViewGroup[1]/android.view.ViewGroup[2]/android.view.ViewGroup[1]/android.view.ViewGroup[1]/android.view.ViewGroup[1]/android.view.ViewGroup[1]/android.view.ViewGroup[1]/android.view.ViewGroup[1]/android.view.ViewGroup[1]/android.view.ViewGroup[2]/android.widget.ScrollView[1]/android.view.ViewGroup[1]/android.widget.ScrollView[1]/android.view.ViewGroup[1]/android.view.ViewGroup[1]/android.view.ViewGroup[1]"}[39m
[35m[HTTP][39m [37m<-- POST /wd/hub/session/a7943535-fd47-4506-b745-990fd7c2eef8/elements [39m[32m200[39m [90m155 ms - 139[39m
[35m[HTTP][39m [90m[39m
[35m[HTTP][39m [37m-->[39m [37mGET[39m [37m/wd/hub/session/a7943535-fd47-4506-b745-990fd7c2eef8/element/00000000-0000-021e-ffff-ffff000001ae/location[39m
[35m[HTTP][39m [90m{}[39m
[35m[W3C (a7943535)][39m Driver proxy active, passing request on via HTTP proxy
[35m[WD Proxy][39m Replacing sessionId fb42896c-085d-4018-b462-973ff1d923a1 with a7943535-fd47-4506-b745-990fd7c2eef8
[35m[HTTP][39m [37m<-- GET /wd/hub/session/a7943535-fd47-4506-b745-990fd7c2eef8/element/00000000-0000-021e-ffff-ffff000001ae/location [39m[32m200[39m [90m23 ms - 76[39m
[35m[HTTP][39m [90m[39m
[35m[HTTP][39m [37m-->[39m [37mPOST[39m [37m/wd/hub/session/a7943535-fd47-4506-b745-990fd7c2eef8/element/00000000-0000-021e-ffff-ffff000001ae/click[39m
[35m[HTTP][39m [90m{"id":"00000000-0000-021e-ffff-ffff000001ae"}[39m
[35m[HTTP][39m [37m<-- POST /wd/hub/session/a7943535-fd47-4506-b745-990fd7c2eef8/element/00000000-0000-021e-ffff-ffff000001ae/click [39m[32m200[39m [90m80 ms - 14[39m
[35m[HTTP][39m [90m[39m
[35m[HTTP][39m [37m-->[39m [37mGET[39m [37m/wd/hub/session/a7943535-fd47-4506-b745-990fd7c2eef8/source[39m
[35m[HTTP][39m [90m{}[39m
[35m[W3C (a7943535)][39m Driver proxy active, passing request on via HTTP proxy
[35m[WD Proxy][39m Replacing sessionId fb42896c-085d-4018-b462-973ff1d923a1 with a7943535-fd47-4506-b745-990fd7c2eef8
[35m[HTTP][39m [37m<-- GET /wd/hub/session/a7943535-fd47-4506-b745-990fd7c2eef8/source [39m[32m200[39m [90m587 ms - 15636[39m
[35m[HTTP][39m [90m[39m
[35m[HTTP][39m [37m-->[39m [37mGET[39m [37m/wd/hub/session/a7943535-fd47-4506-b745-990fd7c2eef8/screenshot[39m
[35m[HTTP][39m [90m{}[39m
[35m[HTTP][39m [37m<-- GET /wd/hub/session/a7943535-fd47-4506-b745-990fd7c2eef8/screenshot [39m[32m200[39m [90m472 ms - 58304[39m
[35m[HTTP][39m [90m[39m
[35m[HTTP][39m [37m-->[39m [37mPOST[39m [37m/wd/hub/session/a7943535-fd47-4506-b745-990fd7c2eef8/elements[39m
[35m[HTTP][39m [90m{"using":"xpath","value":"//*[@class = 'android.view.ViewGroup' and (@text = '' or . = '')]"}[39m
[35m[HTTP][39m [37m<-- POST /wd/hub/session/a7943535-fd47-4506-b745-990fd7c2eef8/elements [39m[32m200[39m [90m133 ms - 2699[39m
[35m[HTTP][39m [90m[39m
[35m[HTTP][39m [37m-->[39m [37mPOST[39m [37m/wd/hub/session/a7943535-fd47-4506-b745-990fd7c2eef8/elements[39m
[35m[HTTP][39m [90m{"using":"-android uiautomator","value":"new UiSelector().className(\"android.view.ViewGroup\")"}[39m
[35m[HTTP][39m [37m<-- POST /wd/hub/session/a7943535-fd47-4506-b745-990fd7c2eef8/elements [39m[32m200[39m [90m311 ms - 2699[39m
[35m[HTTP][39m [90m[39m
[35m[HTTP][39m [37m-->[39m [37mGET[39m [37m/wd/hub/session/a7943535-fd47-4506-b745-990fd7c2eef8/window/rect[39m
[35m[HTTP][39m [90m{}[39m
[35m[HTTP][39m [37m<-- GET /wd/hub/session/a7943535-fd47-4506-b745-990fd7c2eef8/window/rect [39m[32m200[39m [90m24 ms - 49[39m
[35m[HTTP][39m [90m[39m
[35m[HTTP][39m [37m-->[39m [37mPOST[39m [37m/wd/hub/session/a7943535-fd47-4506-b745-990fd7c2eef8/elements[39m
[35m[HTTP][39m [90m{"using":"xpath","value":"//hierarchy/android.widget.FrameLayout[1]/android.widget.LinearLayout[1]/android.widget.FrameLayout[1]/android.widget.LinearLayout[1]/android.widget.FrameLayout[1]/android.widget.FrameLayout[1]/android.view.ViewGroup[1]/android.view.ViewGroup[2]/android.view.ViewGroup[1]/android.view.ViewGroup[1]/android.view.ViewGroup[1]/android.view.ViewGroup[1]/android.view.ViewGroup[1]/android.view.ViewGroup[1]/android.view.ViewGroup[1]/android.widget.ScrollView[1]/android.view.ViewGroup[1]/android.view.ViewGroup[3]"}[39m
[35m[HTTP][39m [37m<-- POST /wd/hub/session/a7943535-fd47-4506-b745-990fd7c2eef8/elements [39m[32m200[39m [90m140 ms - 139[39m
[35m[HTTP][39m [90m[39m
[35m[HTTP][39m [37m-->[39m [37mGET[39m [37m/wd/hub/session/a7943535-fd47-4506-b745-990fd7c2eef8/element/00000000-0000-021e-ffff-ffff000001c4/location[39m
[35m[HTTP][39m [90m{}[39m
[35m[W3C (a7943535)][39m Driver proxy active, passing request on via HTTP proxy
[35m[WD Proxy][39m Replacing sessionId fb42896c-085d-4018-b462-973ff1d923a1 with a7943535-fd47-4506-b745-990fd7c2eef8
[35m[HTTP][39m [37m<-- GET /wd/hub/session/a7943535-fd47-4506-b745-990fd7c2eef8/element/00000000-0000-021e-ffff-ffff000001c4/location [39m[32m200[39m [90m31 ms - 78[39m
[35m[HTTP][39m [90m[39m
[35m[HTTP][39m [37m-->[39m [37mPOST[39m [37m/wd/hub/session/a7943535-fd47-4506-b745-990fd7c2eef8/element/00000000-0000-021e-ffff-ffff000001c4/click[39m
[35m[HTTP][39m [90m{"id":"00000000-0000-021e-ffff-ffff000001c4"}[39m
[35m[HTTP][39m [37m<-- POST /wd/hub/session/a7943535-fd47-4506-b745-990fd7c2eef8/element/00000000-0000-021e-ffff-ffff000001c4/click [39m[32m200[39m [90m49 ms - 14[39m
[35m[HTTP][39m [90m[39m
[35m[HTTP][39m [37m-->[39m [37mGET[39m [37m/wd/hub/session/a7943535-fd47-4506-b745-990fd7c2eef8/source[39m
[35m[HTTP][39m [90m{}[39m
[35m[W3C (a7943535)][39m Driver proxy active, passing request on via HTTP proxy
[35m[WD Proxy][39m Replacing sessionId fb42896c-085d-4018-b462-973ff1d923a1 with a7943535-fd47-4506-b745-990fd7c2eef8
[35m[HTTP][39m [37m<-- GET /wd/hub/session/a7943535-fd47-4506-b745-990fd7c2eef8/source [39m[32m200[39m [90m201 ms - 15636[39m
[35m[HTTP][39m [90m[39m
[35m[HTTP][39m [37m-->[39m [37mGET[39m [37m/wd/hub/session/a7943535-fd47-4506-b745-990fd7c2eef8/screenshot[39m
[35m[HTTP][39m [90m{}[39m
[35m[HTTP][39m [37m<-- GET /wd/hub/session/a7943535-fd47-4506-b745-990fd7c2eef8/screenshot [39m[32m200[39m [90m432 ms - 61124[39m
[35m[HTTP][39m [90m[39m
[35m[HTTP][39m [37m-->[39m [37mPOST[39m [37m/wd/hub/session/a7943535-fd47-4506-b745-990fd7c2eef8/elements[39m
[35m[HTTP][39m [90m{"using":"xpath","value":"//*[@class = 'android.widget.TextView' and (@text = 'ر.ع.2.00   Save' or . = 'ر.ع.2.00   Save')]"}[39m
[35m[HTTP][39m [37m<-- POST /wd/hub/session/a7943535-fd47-4506-b745-990fd7c2eef8/elements [39m[32m200[39m [90m142 ms - 139[39m
[35m[HTTP][39m [90m[39m
[35m[HTTP][39m [37m-->[39m [37mGET[39m [37m/wd/hub/session/a7943535-fd47-4506-b745-990fd7c2eef8/window/rect[39m
[35m[HTTP][39m [90m{}[39m
[35m[HTTP][39m [37m<-- GET /wd/hub/session/a7943535-fd47-4506-b745-990fd7c2eef8/window/rect [39m[32m200[39m [90m17 ms - 49[39m
[35m[HTTP][39m [90m[39m
[35m[HTTP][39m [37m-->[39m [37mPOST[39m [37m/wd/hub/session/a7943535-fd47-4506-b745-990fd7c2eef8/elements[39m
[35m[HTTP][39m [90m{"using":"xpath","value":"//*[@class = 'android.widget.TextView' and (@text = 'ر.ع.2.00   Save' or . = 'ر.ع.2.00   Save')]"}[39m
[35m[HTTP][39m [37m<-- POST /wd/hub/session/a7943535-fd47-4506-b745-990fd7c2eef8/elements [39m[32m200[39m [90m120 ms - 139[39m
[35m[HTTP][39m [90m[39m
[35m[HTTP][39m [37m-->[39m [37mGET[39m [37m/wd/hub/session/a7943535-fd47-4506-b745-990fd7c2eef8/element/00000000-0000-021e-ffff-ffff000001c9/location[39m
[35m[HTTP][39m [90m{}[39m
[35m[W3C (a7943535)][39m Driver proxy active, passing request on via HTTP proxy
[35m[WD Proxy][39m Replacing sessionId fb42896c-085d-4018-b462-973ff1d923a1 with a7943535-fd47-4506-b745-990fd7c2eef8
[35m[HTTP][39m [37m<-- GET /wd/hub/session/a7943535-fd47-4506-b745-990fd7c2eef8/element/00000000-0000-021e-ffff-ffff000001c9/location [39m[32m200[39m [90m24 ms - 79[39m
[35m[HTTP][39m [90m[39m
[35m[HTTP][39m [37m-->[39m [37mPOST[39m [37m/wd/hub/session/a7943535-fd47-4506-b745-990fd7c2eef8/element/00000000-0000-021e-ffff-ffff000001c9/click[39m
[35m[HTTP][39m [90m{"id":"00000000-0000-021e-ffff-ffff000001c9"}[39m
[35m[HTTP][39m [37m<-- POST /wd/hub/session/a7943535-fd47-4506-b745-990fd7c2eef8/element/00000000-0000-021e-ffff-ffff000001c9/click [39m[32m200[39m [90m60 ms - 14[39m
[35m[HTTP][39m [90m[39m
[35m[HTTP][39m [37m-->[39m [37mGET[39m [37m/wd/hub/session/a7943535-fd47-4506-b745-990fd7c2eef8/source[39m
[35m[HTTP][39m [90m{}[39m
[35m[W3C (a7943535)][39m Driver proxy active, passing request on via HTTP proxy
[35m[WD Proxy][39m Replacing sessionId fb42896c-085d-4018-b462-973ff1d923a1 with a7943535-fd47-4506-b745-990fd7c2eef8
[35m[HTTP][39m [37m<-- GET /wd/hub/session/a7943535-fd47-4506-b745-990fd7c2eef8/source [39m[32m200[39m [90m705 ms - 25385[39m
[35m[HTTP][39m [90m[39m
[35m[HTTP][39m [37m-->[39m [37mGET[39m [37m/wd/hub/session/a7943535-fd47-4506-b745-990fd7c2eef8/screenshot[39m
[35m[HTTP][39m [90m{}[39m
[35m[HTTP][39m [37m<-- GET /wd/hub/session/a7943535-fd47-4506-b745-990fd7c2eef8/screenshot [39m[32m200[39m [90m444 ms - 84360[39m
[35m[HTTP][39m [90m[39m
[35m[HTTP][39m [37m-->[39m [37mPOST[39m [37m/wd/hub/session/a7943535-fd47-4506-b745-990fd7c2eef8/elements[39m
[35m[HTTP][39m [90m{"using":"xpath","value":"//*[@class = 'android.view.ViewGroup' and (@text = '' or . = '')]"}[39m
[35m[HTTP][39m [37m<-- POST /wd/hub/session/a7943535-fd47-4506-b745-990fd7c2eef8/elements [39m[32m200[39m [90m157 ms - 3723[39m
[35m[HTTP][39m [90m[39m
[35m[HTTP][39m [37m-->[39m [37mPOST[39m [37m/wd/hub/session/a7943535-fd47-4506-b745-990fd7c2eef8/elements[39m
[35m[HTTP][39m [90m{"using":"-android uiautomator","value":"new UiSelector().className(\"android.view.ViewGroup\")"}[39m
[35m[HTTP][39m [37m<-- POST /wd/hub/session/a7943535-fd47-4506-b745-990fd7c2eef8/elements [39m[32m200[39m [90m1010 ms - 3723[39m
[35m[HTTP][39m [90m[39m
[35m[HTTP][39m [37m-->[39m [37mGET[39m [37m/wd/hub/session/a7943535-fd47-4506-b745-990fd7c2eef8/window/rect[39m
[35m[HTTP][39m [90m{}[39m
[35m[HTTP][39m [37m<-- GET /wd/hub/session/a7943535-fd47-4506-b745-990fd7c2eef8/window/rect [39m[32m200[39m [90m23 ms - 49[39m
[35m[HTTP][39m [90m[39m
[35m[HTTP][39m [37m-->[39m [37mPOST[39m [37m/wd/hub/session/a7943535-fd47-4506-b745-990fd7c2eef8/elements[39m
[35m[HTTP][39m [90m{"using":"xpath","value":"//hierarchy/android.widget.FrameLayout[1]/android.widget.LinearLayout[1]/android.widget.FrameLayout[1]/android.widget.LinearLayout[1]/android.widget.FrameLayout[1]/android.widget.FrameLayout[1]/android.view.ViewGroup[1]/android.view.ViewGroup[2]/android.view.ViewGroup[1]/android.view.ViewGroup[1]/android.view.ViewGroup[1]/android.view.ViewGroup[1]/android.view.ViewGroup[1]/android.view.ViewGroup[1]/android.view.ViewGroup[1]/android.view.ViewGroup[3]/android.view.ViewGroup[1]/android.view.ViewGroup[1]"}[39m
[35m[HTTP][39m [37m<-- POST /wd/hub/session/a7943535-fd47-4506-b745-990fd7c2eef8/elements [39m[32m200[39m [90m150 ms - 139[39m
[35m[HTTP][39m [90m[39m
[35m[HTTP][39m [37m-->[39m [37mGET[39m [37m/wd/hub/session/a7943535-fd47-4506-b745-990fd7c2eef8/element/00000000-0000-021e-ffff-ffff000001a9/location[39m
[35m[HTTP][39m [90m{}[39m
[35m[W3C (a7943535)][39m Driver proxy active, passing request on via HTTP proxy
[35m[WD Proxy][39m Replacing sessionId fb42896c-085d-4018-b462-973ff1d923a1 with a7943535-fd47-4506-b745-990fd7c2eef8
[35m[HTTP][39m [37m<-- GET /wd/hub/session/a7943535-fd47-4506-b745-990fd7c2eef8/element/00000000-0000-021e-ffff-ffff000001a9/location [39m[32m200[39m [90m26 ms - 78[39m
[35m[HTTP][39m [90m[39m
[35m[HTTP][39m [37m-->[39m [37mPOST[39m [37m/wd/hub/session/a7943535-fd47-4506-b745-990fd7c2eef8/element/00000000-0000-021e-ffff-ffff000001a9/click[39m
[35m[HTTP][39m [90m{"id":"00000000-0000-021e-ffff-ffff000001a9"}[39m
[35m[HTTP][39m [37m<-- POST /wd/hub/session/a7943535-fd47-4506-b745-990fd7c2eef8/element/00000000-0000-021e-ffff-ffff000001a9/click [39m[32m200[39m [90m64 ms - 14[39m
[35m[HTTP][39m [90m[39m
[35m[HTTP][39m [37m-->[39m [37mGET[39m [37m/wd/hub/session/a7943535-fd47-4506-b745-990fd7c2eef8/source[39m
[35m[HTTP][39m [90m{}[39m
[35m[W3C (a7943535)][39m Driver proxy active, passing request on via HTTP proxy
[35m[WD Proxy][39m Replacing sessionId fb42896c-085d-4018-b462-973ff1d923a1 with a7943535-fd47-4506-b745-990fd7c2eef8
[35m[HTTP][39m [37m<-- GET /wd/hub/session/a7943535-fd47-4506-b745-990fd7c2eef8/source [39m[32m200[39m [90m447 ms - 25385[39m
[35m[HTTP][39m [90m[39m
[35m[HTTP][39m [37m-->[39m [37mGET[39m [37m/wd/hub/session/a7943535-fd47-4506-b745-990fd7c2eef8/screenshot[39m
[35m[HTTP][39m [90m{}[39m
[35m[HTTP][39m [37m<-- GET /wd/hub/session/a7943535-fd47-4506-b745-990fd7c2eef8/screenshot [39m[32m200[39m [90m890 ms - 35996[39m
[35m[HTTP][39m [90m[39m
[35m[HTTP][39m [37m-->[39m [37mGET[39m [37m/wd/hub/session/a7943535-fd47-4506-b745-990fd7c2eef8/source[39m
[35m[HTTP][39m [90m{}[39m
[35m[W3C (a7943535)][39m Driver proxy active, passing request on via HTTP proxy
[35m[WD Proxy][39m Replacing sessionId fb42896c-085d-4018-b462-973ff1d923a1 with a7943535-fd47-4506-b745-990fd7c2eef8
[35m[HTTP][39m [37m<-- GET /wd/hub/session/a7943535-fd47-4506-b745-990fd7c2eef8/source [39m[32m200[39m [90m277 ms - 13203[39m
[35m[HTTP][39m [90m[39m
[35m[HTTP][39m [37m-->[39m [37mGET[39m [37m/wd/hub/session/a7943535-fd47-4506-b745-990fd7c2eef8/screenshot[39m
[35m[HTTP][39m [90m{}[39m
[35m[HTTP][39m [37m<-- GET /wd/hub/session/a7943535-fd47-4506-b745-990fd7c2eef8/screenshot [39m[32m200[39m [90m516 ms - 208930[39m
[35m[HTTP][39m [90m[39m
[35m[HTTP][39m [37m-->[39m [37mGET[39m [37m/wd/hub/session/a7943535-fd47-4506-b745-990fd7c2eef8/source[39m
[35m[HTTP][39m [90m{}[39m
[35m[W3C (a7943535)][39m Driver proxy active, passing request on via HTTP proxy
[35m[WD Proxy][39m Replacing sessionId fb42896c-085d-4018-b462-973ff1d923a1 with a7943535-fd47-4506-b745-990fd7c2eef8
[35m[HTTP][39m [37m<-- GET /wd/hub/session/a7943535-fd47-4506-b745-990fd7c2eef8/source [39m[32m200[39m [90m923 ms - 51791[39m
[35m[HTTP][39m [90m[39m
[35m[HTTP][39m [37m-->[39m [37mGET[39m [37m/wd/hub/session/a7943535-fd47-4506-b745-990fd7c2eef8/screenshot[39m
[35m[HTTP][39m [90m{}[39m
[35m[HTTP][39m [37m<-- GET /wd/hub/session/a7943535-fd47-4506-b745-990fd7c2eef8/screenshot [39m[32m200[39m [90m502 ms - 208650[39m
[35m[HTTP][39m [90m[39m
[35m[HTTP][39m [37m-->[39m [37mPOST[39m [37m/wd/hub/session/a7943535-fd47-4506-b745-990fd7c2eef8/elements[39m
[35m[HTTP][39m [90m{"using":"xpath","value":"//*[@class = 'android.widget.TextView' and (@text = 'If you have any inquiries or updates pls whatsap us at 94617563. ' or . = 'If you have any inquiries or updates pls whatsap us at 94617563. ')]"}[39m
[35m[HTTP][39m [37m<-- POST /wd/hub/session/a7943535-fd47-4506-b745-990fd7c2eef8/elements [39m[32m200[39m [90m307 ms - 139[39m
[35m[HTTP][39m [90m[39m
[35m[HTTP][39m [37m-->[39m [37mGET[39m [37m/wd/hub/session/a7943535-fd47-4506-b745-990fd7c2eef8/window/rect[39m
[35m[HTTP][39m [90m{}[39m
[35m[HTTP][39m [37m<-- GET /wd/hub/session/a7943535-fd47-4506-b745-990fd7c2eef8/window/rect [39m[32m200[39m [90m15 ms - 49[39m
[35m[HTTP][39m [90m[39m
[35m[HTTP][39m [37m-->[39m [37mPOST[39m [37m/wd/hub/session/a7943535-fd47-4506-b745-990fd7c2eef8/elements[39m
[35m[HTTP][39m [90m{"using":"xpath","value":"//*[@class = 'android.widget.TextView' and (@text = 'If you have any inquiries or updates pls whatsap us at 94617563. ' or . = 'If you have any inquiries or updates pls whatsap us at 94617563. ')]"}[39m
[35m[HTTP][39m [37m<-- POST /wd/hub/session/a7943535-fd47-4506-b745-990fd7c2eef8/elements [39m[32m200[39m [90m294 ms - 139[39m
[35m[HTTP][39m [90m[39m
[35m[HTTP][39m [37m-->[39m [37mGET[39m [37m/wd/hub/session/a7943535-fd47-4506-b745-990fd7c2eef8/element/00000000-0000-0220-0000-005a00000049/location[39m
[35m[HTTP][39m [90m{}[39m
[35m[W3C (a7943535)][39m Driver proxy active, passing request on via HTTP proxy
[35m[WD Proxy][39m Replacing sessionId fb42896c-085d-4018-b462-973ff1d923a1 with a7943535-fd47-4506-b745-990fd7c2eef8
[35m[HTTP][39m [37m<-- GET /wd/hub/session/a7943535-fd47-4506-b745-990fd7c2eef8/element/00000000-0000-0220-0000-005a00000049/location [39m[32m200[39m [90m23 ms - 77[39m
[35m[HTTP][39m [90m[39m
[35m[HTTP][39m [37m-->[39m [37mGET[39m [37m/wd/hub/session/a7943535-fd47-4506-b745-990fd7c2eef8/element/00000000-0000-0220-0000-005a00000049/text[39m
[35m[HTTP][39m [90m{}[39m
[35m[W3C (a7943535)][39m Driver proxy active, passing request on via HTTP proxy
[35m[WD Proxy][39m Replacing sessionId fb42896c-085d-4018-b462-973ff1d923a1 with a7943535-fd47-4506-b745-990fd7c2eef8
[35m[HTTP][39m [37m<-- GET /wd/hub/session/a7943535-fd47-4506-b745-990fd7c2eef8/element/00000000-0000-0220-0000-005a00000049/text [39m[32m200[39m [90m22 ms - 129[39m
[35m[HTTP][39m [90m[39m
[35m[HTTP][39m [37m-->[39m [37mGET[39m [37m/wd/hub/session/a7943535-fd47-4506-b745-990fd7c2eef8/source[39m
[35m[HTTP][39m [90m{}[39m
[35m[W3C (a7943535)][39m Driver proxy active, passing request on via HTTP proxy
[35m[WD Proxy][39m Replacing sessionId fb42896c-085d-4018-b462-973ff1d923a1 with a7943535-fd47-4506-b745-990fd7c2eef8
[35m[HTTP][39m [37m<-- GET /wd/hub/session/a7943535-fd47-4506-b745-990fd7c2eef8/source [39m[32m200[39m [90m319 ms - 51791[39m
[35m[HTTP][39m [90m[39m
[35m[HTTP][39m [37m-->[39m [37mGET[39m [37m/wd/hub/session/a7943535-fd47-4506-b745-990fd7c2eef8/screenshot[39m
[35m[HTTP][39m [90m{}[39m
[35m[HTTP][39m [37m<-- GET /wd/hub/session/a7943535-fd47-4506-b745-990fd7c2eef8/screenshot [39m[32m200[39m [90m462 ms - 208728[39m
[35m[HTTP][39m [90m[39m
[35m[HTTP][39m [37m-->[39m [37mDELETE[39m [37m/wd/hub/session/a7943535-fd47-4506-b745-990fd7c2eef8[39m
[35m[HTTP][39m [90m{}[39m
[35m[Appium][39m Removing session a7943535-fd47-4506-b745-990fd7c2eef8 from our master session list
[35m[UiAutomator2][39m Restoring hidden api policy to the device default configuration
[35m[HTTP][39m [37m<-- DELETE /wd/hub/session/a7943535-fd47-4506-b745-990fd7c2eef8 [39m[32m200[39m [90m561 ms - 14[39m
[35m[HTTP][39m [90m[39m
